#
# There is insufficient memory for the Java Runtime Environment to continue.
# Native memory allocation (mmap) failed to map 211812352 bytes for Failed to commit area from 0x0000000094900000 to 0x00000000a1300000 of length 211812352.
# Possible reasons:
#   The system is out of physical RAM or swap space
#   The process is running with CompressedOops enabled, and the Java Heap may be blocking the growth of the native heap
# Possible solutions:
#   Reduce memory load on the system
#   Increase physical memory or swap space
#   Check if swap backing store is full
#   Decrease Java heap size (-Xmx/-Xms)
#   Decrease number of Java threads
#   Decrease Java thread stack sizes (-Xss)
#   Set larger code cache with -XX:ReservedCodeCacheSize=
#   JVM is running with Unscaled Compressed Oops mode in which the Java heap is
#     placed in the first 4GB address space. The Java Heap base address is the
#     maximum limit for the native heap growth. Please use -XX:HeapBaseMinAddress
#     to set the Java Heap base and to place the Java Heap above 4GB virtual address.
# This output file may be truncated or incomplete.
#
#  Out of Memory Error (./src/hotspot/os/windows/os_windows.cpp:3521), pid=9256, tid=8452
#
# JRE version: OpenJDK Runtime Environment (11.0.12+7) (build 11.0.12+7-b1504.28-7817840)
# Java VM: OpenJDK 64-Bit Server VM (11.0.12+7-b1504.28-7817840, mixed mode, tiered, compressed oops, g1 gc, windows-amd64)
# No core dump will be written. Minidumps are not enabled by default on client versions of Windows
#

---------------  S U M M A R Y ------------

Command Line: --add-opens=java.base/java.util=ALL-UNNAMED --add-opens=java.base/java.lang=ALL-UNNAMED --add-opens=java.base/java.lang.invoke=ALL-UNNAMED --add-opens=java.base/java.util=ALL-UNNAMED --add-opens=java.prefs/java.util.prefs=ALL-UNNAMED --add-opens=java.prefs/java.util.prefs=ALL-UNNAMED --add-opens=java.base/java.nio.charset=ALL-UNNAMED --add-opens=java.base/java.net=ALL-UNNAMED --add-opens=java.base/java.util.concurrent.atomic=ALL-UNNAMED -Xmx2048m -Dfile.encoding=UTF-8 -Duser.country=GB -Duser.language=en -Duser.variant org.gradle.launcher.daemon.bootstrap.GradleDaemon 7.3.3

Host: Intel(R) Core(TM) i5-2410M CPU @ 2.30GHz, 4 cores, 5G,  Windows 10 , 64 bit Build 22000 (10.0.22000.708)
Time: Sat Aug 13 12:16:04 2022 India Standard Time elapsed time: 135.037974 seconds (0d 0h 2m 15s)

---------------  T H R E A D  ---------------

Current thread (0x0000026f2ed21800):  VMThread "VM Thread" [stack: 0x000000b010700000,0x000000b010800000] [id=8452]

Stack: [0x000000b010700000,0x000000b010800000]
[error occurred during error reporting (printing stack bounds), id 0xc0000005, EXCEPTION_ACCESS_VIOLATION (0xc0000005) at pc=0x0000026f18c5112d]

Native frames: (J=compiled Java code, j=interpreted, Vv=VM code, C=native code)
V  [jvm.dll+0x5fbcea]
V  [jvm.dll+0x731905]
V  [jvm.dll+0x732f1d]
V  [jvm.dll+0x733535]
V  [jvm.dll+0x7334eb]
V  [jvm.dll+0x5fb080]
V  [jvm.dll+0x5fb818]
C  [ntdll.dll+0xa8fcf]
C  [ntdll.dll+0x35e9a]
C  [ntdll.dll+0xa7fde]
C  0x0000026f18c5112d

VM_Operation (0x000000b0163fdf50): G1CollectForAllocation, mode: safepoint, requested by thread 0x0000026f36ffc800


---------------  P R O C E S S  ---------------

Threads class SMR info:
_java_thread_list=0x0000026f34dedb10, length=90, elements={
0x0000026f1513c800, 0x0000026f2ed2a000, 0x0000026f2ed2b800, 0x0000026f2f6d2800,
0x0000026f2ed4b800, 0x0000026f2ed4c000, 0x0000026f2ed51000, 0x0000026f2ed58000,
0x0000026f2ed6b000, 0x0000026f2f7fb800, 0x0000026f30d6a000, 0x0000026f308c6000,
0x0000026f316c7800, 0x0000026f31813800, 0x0000026f30d3f000, 0x0000026f3180e800,
0x0000026f311ba000, 0x0000026f311a4800, 0x0000026f30290800, 0x0000026f30292000,
0x0000026f30292800, 0x0000026f30294800, 0x0000026f30296000, 0x0000026f30295000,
0x0000026f30297000, 0x0000026f30291000, 0x0000026f30293800, 0x0000026f30246000,
0x0000026f30248000, 0x0000026f30248800, 0x0000026f30249800, 0x0000026f3024a800,
0x0000026f30244800, 0x0000026f30251000, 0x0000026f3024b000, 0x0000026f30251800,
0x0000026f3024d800, 0x0000026f3024e800, 0x0000026f3024c000, 0x0000026f3024f000,
0x0000026f30250000, 0x0000026f30252800, 0x0000026f3024d000, 0x0000026f30253800,
0x0000026f34f8a000, 0x0000026f34f89000, 0x0000026f34f87800, 0x0000026f34f8b000,
0x0000026f34f85000, 0x0000026f34f87000, 0x0000026f34f8b800, 0x0000026f34f86000,
0x0000026f34f8d800, 0x0000026f34f8c800, 0x0000026f34f8e000, 0x0000026f34f88800,
0x0000026f34f92000, 0x0000026f34f90800, 0x0000026f34f8f000, 0x0000026f34f93000,
0x0000026f34f94000, 0x0000026f34f90000, 0x0000026f34f91800, 0x0000026f339d7000,
0x0000026f339d9800, 0x0000026f339db000, 0x0000026f339d8000, 0x0000026f339d6000,
0x0000026f339d8800, 0x0000026f339d5800, 0x0000026f339de800, 0x0000026f339df000,
0x0000026f339e0000, 0x0000026f339da000, 0x0000026f339e1800, 0x0000026f339dc000,
0x0000026f339e1000, 0x0000026f339e2800, 0x0000026f339dc800, 0x0000026f339e3000,
0x0000026f339e4000, 0x0000026f36ff8000, 0x0000026f36ffa800, 0x0000026f36ffb000,
0x0000026f36ff5800, 0x0000026f36ffc000, 0x0000026f36ff6000, 0x0000026f36ffc800,
0x0000026f36ff7000, 0x0000026f36ffd800
}

Java Threads: ( => current thread )
  0x0000026f1513c800 JavaThread "main" [_thread_blocked, id=2900, stack(0x000000b010100000,0x000000b010200000)]
  0x0000026f2ed2a000 JavaThread "Reference Handler" daemon [_thread_blocked, id=1616, stack(0x000000b010800000,0x000000b010900000)]
  0x0000026f2ed2b800 JavaThread "Finalizer" daemon [_thread_blocked, id=10624, stack(0x000000b010900000,0x000000b010a00000)]
  0x0000026f2f6d2800 JavaThread "Signal Dispatcher" daemon [_thread_blocked, id=7884, stack(0x000000b010a00000,0x000000b010b00000)]
  0x0000026f2ed4b800 JavaThread "Attach Listener" daemon [_thread_blocked, id=11176, stack(0x000000b010b00000,0x000000b010c00000)]
  0x0000026f2ed4c000 JavaThread "Service Thread" daemon [_thread_blocked, id=436, stack(0x000000b010c00000,0x000000b010d00000)]
  0x0000026f2ed51000 JavaThread "C2 CompilerThread0" daemon [_thread_blocked, id=808, stack(0x000000b010d00000,0x000000b010e00000)]
  0x0000026f2ed58000 JavaThread "C1 CompilerThread0" daemon [_thread_blocked, id=9844, stack(0x000000b010e00000,0x000000b010f00000)]
  0x0000026f2ed6b000 JavaThread "Sweeper thread" daemon [_thread_blocked, id=8652, stack(0x000000b010f00000,0x000000b011000000)]
  0x0000026f2f7fb800 JavaThread "Common-Cleaner" daemon [_thread_blocked, id=6108, stack(0x000000b011000000,0x000000b011100000)]
  0x0000026f30d6a000 JavaThread "Daemon health stats" [_thread_blocked, id=7024, stack(0x000000b011400000,0x000000b011500000)]
  0x0000026f308c6000 JavaThread "Incoming local TCP Connector on port 1179" [_thread_in_native, id=6772, stack(0x000000b011200000,0x000000b011300000)]
  0x0000026f316c7800 JavaThread "Daemon periodic checks" [_thread_blocked, id=5084, stack(0x000000b011500000,0x000000b011600000)]
  0x0000026f31813800 JavaThread "Daemon" [_thread_blocked, id=9316, stack(0x000000b011600000,0x000000b011700000)]
  0x0000026f30d3f000 JavaThread "Handler for socket connection from /127.0.0.1:1179 to /127.0.0.1:1180" [_thread_in_native, id=2904, stack(0x000000b011700000,0x000000b011800000)]
  0x0000026f3180e800 JavaThread "Cancel handler" [_thread_blocked, id=4984, stack(0x000000b011800000,0x000000b011900000)]
  0x0000026f311ba000 JavaThread "Daemon worker" [_thread_blocked, id=8264, stack(0x000000b011900000,0x000000b011a00000)]
  0x0000026f311a4800 JavaThread "Asynchronous log dispatcher for DefaultDaemonConnection: socket connection from /127.0.0.1:1179 to /127.0.0.1:1180" [_thread_blocked, id=3460, stack(0x000000b011a00000,0x000000b011b00000)]
  0x0000026f30290800 JavaThread "Daemon client event forwarder" [_thread_blocked, id=1996, stack(0x000000b011c00000,0x000000b011d00000)]
  0x0000026f30292000 JavaThread "Cache worker for journal cache (C:\Users\Praveen\.gradle\caches\journal-1)" [_thread_blocked, id=9580, stack(0x000000b011f00000,0x000000b012000000)]
  0x0000026f30292800 JavaThread "File lock request listener" [_thread_in_native, id=4896, stack(0x000000b012000000,0x000000b012100000)]
  0x0000026f30294800 JavaThread "Cache worker for file hash cache (C:\Users\Praveen\.gradle\caches\7.3.3\fileHashes)" [_thread_blocked, id=12692, stack(0x000000b012100000,0x000000b012200000)]
  0x0000026f30296000 JavaThread "Cache worker for file hash cache (C:\Users\Praveen\AndroidStudioProjects\Todo\.gradle\7.3.3\fileHashes)" [_thread_blocked, id=1468, stack(0x000000b012300000,0x000000b012400000)]
  0x0000026f30295000 JavaThread "File watcher server" daemon [_thread_blocked, id=5460, stack(0x000000b012400000,0x000000b012500000)]
  0x0000026f30297000 JavaThread "File watcher consumer" daemon [_thread_blocked, id=5904, stack(0x000000b012500000,0x000000b012600000)]
  0x0000026f30291000 JavaThread "Cache worker for checksums cache (C:\Users\Praveen\AndroidStudioProjects\Todo\.gradle\7.3.3\checksums)" [_thread_blocked, id=4044, stack(0x000000b012200000,0x000000b012300000)]
  0x0000026f30293800 JavaThread "Cache worker for cache directory md-supplier (C:\Users\Praveen\.gradle\caches\7.3.3\md-supplier)" [_thread_blocked, id=10776, stack(0x000000b012600000,0x000000b012700000)]
  0x0000026f30246000 JavaThread "Cache worker for cache directory md-rule (C:\Users\Praveen\.gradle\caches\7.3.3\md-rule)" [_thread_blocked, id=10020, stack(0x000000b012700000,0x000000b012800000)]
  0x0000026f30248000 JavaThread "Cache worker for execution history cache (C:\Users\Praveen\.gradle\caches\7.3.3\executionHistory)" [_thread_blocked, id=12672, stack(0x000000b012900000,0x000000b012a00000)]
  0x0000026f30248800 JavaThread "jar transforms" [_thread_blocked, id=5804, stack(0x000000b012a00000,0x000000b012b00000)]
  0x0000026f30249800 JavaThread "Cache worker for file content cache (C:\Users\Praveen\.gradle\caches\7.3.3\fileContent)" [_thread_blocked, id=2892, stack(0x000000b012b00000,0x000000b012c00000)]
  0x0000026f3024a800 JavaThread "jar transforms Thread 2" [_thread_blocked, id=7720, stack(0x000000b012c00000,0x000000b012d00000)]
  0x0000026f30244800 JavaThread "Cache worker for dependencies-accessors (C:\Users\Praveen\AndroidStudioProjects\Todo\.gradle\7.3.3\dependencies-accessors)" [_thread_blocked, id=11688, stack(0x000000b012d00000,0x000000b012e00000)]
  0x0000026f30251000 JavaThread "jar transforms Thread 3" [_thread_blocked, id=2388, stack(0x000000b012800000,0x000000b012900000)]
  0x0000026f3024b000 JavaThread "Cache worker for Build Output Cleanup Cache (C:\Users\Praveen\AndroidStudioProjects\Todo\.gradle\buildOutputCleanup)" [_thread_blocked, id=3572, stack(0x000000b012f00000,0x000000b013000000)]
  0x0000026f30251800 JavaThread "Unconstrained build operations" [_thread_blocked, id=1948, stack(0x000000b013000000,0x000000b013100000)]
  0x0000026f3024d800 JavaThread "Unconstrained build operations Thread 2" [_thread_blocked, id=8904, stack(0x000000b013100000,0x000000b013200000)]
  0x0000026f3024e800 JavaThread "Unconstrained build operations Thread 3" [_thread_blocked, id=7488, stack(0x000000b013200000,0x000000b013300000)]
  0x0000026f3024c000 JavaThread "Unconstrained build operations Thread 4" [_thread_blocked, id=1132, stack(0x000000b013300000,0x000000b013400000)]
  0x0000026f3024f000 JavaThread "Unconstrained build operations Thread 5" [_thread_blocked, id=1344, stack(0x000000b013400000,0x000000b013500000)]
  0x0000026f30250000 JavaThread "Unconstrained build operations Thread 6" [_thread_blocked, id=2772, stack(0x000000b013500000,0x000000b013600000)]
  0x0000026f30252800 JavaThread "Unconstrained build operations Thread 7" [_thread_blocked, id=3656, stack(0x000000b013600000,0x000000b013700000)]
  0x0000026f3024d000 JavaThread "Unconstrained build operations Thread 8" [_thread_blocked, id=3884, stack(0x000000b013700000,0x000000b013800000)]
  0x0000026f30253800 JavaThread "Unconstrained build operations Thread 9" [_thread_blocked, id=5380, stack(0x000000b013800000,0x000000b013900000)]
  0x0000026f34f8a000 JavaThread "Unconstrained build operations Thread 10" [_thread_blocked, id=7256, stack(0x000000b013900000,0x000000b013a00000)]
  0x0000026f34f89000 JavaThread "Unconstrained build operations Thread 11" [_thread_blocked, id=12440, stack(0x000000b013a00000,0x000000b013b00000)]
  0x0000026f34f87800 JavaThread "Unconstrained build operations Thread 12" [_thread_blocked, id=10472, stack(0x000000b013b00000,0x000000b013c00000)]
  0x0000026f34f8b000 JavaThread "Unconstrained build operations Thread 13" [_thread_blocked, id=11420, stack(0x000000b013c00000,0x000000b013d00000)]
  0x0000026f34f85000 JavaThread "Unconstrained build operations Thread 14" [_thread_blocked, id=11796, stack(0x000000b013d00000,0x000000b013e00000)]
  0x0000026f34f87000 JavaThread "Unconstrained build operations Thread 15" [_thread_blocked, id=9412, stack(0x000000b013e00000,0x000000b013f00000)]
  0x0000026f34f8b800 JavaThread "Unconstrained build operations Thread 16" [_thread_blocked, id=11580, stack(0x000000b013f00000,0x000000b014000000)]
  0x0000026f34f86000 JavaThread "Unconstrained build operations Thread 17" [_thread_blocked, id=7912, stack(0x000000b014000000,0x000000b014100000)]
  0x0000026f34f8d800 JavaThread "Unconstrained build operations Thread 18" [_thread_blocked, id=8048, stack(0x000000b014100000,0x000000b014200000)]
  0x0000026f34f8c800 JavaThread "Unconstrained build operations Thread 19" [_thread_blocked, id=11308, stack(0x000000b014200000,0x000000b014300000)]
  0x0000026f34f8e000 JavaThread "Unconstrained build operations Thread 20" [_thread_blocked, id=11556, stack(0x000000b014300000,0x000000b014400000)]
  0x0000026f34f88800 JavaThread "Unconstrained build operations Thread 21" [_thread_blocked, id=11440, stack(0x000000b014400000,0x000000b014500000)]
  0x0000026f34f92000 JavaThread "Unconstrained build operations Thread 22" [_thread_blocked, id=700, stack(0x000000b014500000,0x000000b014600000)]
  0x0000026f34f90800 JavaThread "Unconstrained build operations Thread 23" [_thread_blocked, id=7000, stack(0x000000b014600000,0x000000b014700000)]
  0x0000026f34f8f000 JavaThread "Unconstrained build operations Thread 24" [_thread_blocked, id=10420, stack(0x000000b014700000,0x000000b014800000)]
  0x0000026f34f93000 JavaThread "Unconstrained build operations Thread 25" [_thread_blocked, id=5588, stack(0x000000b014800000,0x000000b014900000)]
  0x0000026f34f94000 JavaThread "Unconstrained build operations Thread 26" [_thread_blocked, id=3212, stack(0x000000b014900000,0x000000b014a00000)]
  0x0000026f34f90000 JavaThread "Unconstrained build operations Thread 27" [_thread_blocked, id=13204, stack(0x000000b014a00000,0x000000b014b00000)]
  0x0000026f34f91800 JavaThread "Unconstrained build operations Thread 28" [_thread_blocked, id=9244, stack(0x000000b014b00000,0x000000b014c00000)]
  0x0000026f339d7000 JavaThread "Unconstrained build operations Thread 29" [_thread_blocked, id=1004, stack(0x000000b014c00000,0x000000b014d00000)]
  0x0000026f339d9800 JavaThread "Unconstrained build operations Thread 30" [_thread_blocked, id=10928, stack(0x000000b014d00000,0x000000b014e00000)]
  0x0000026f339db000 JavaThread "Unconstrained build operations Thread 31" [_thread_blocked, id=5080, stack(0x000000b014e00000,0x000000b014f00000)]
  0x0000026f339d8000 JavaThread "Unconstrained build operations Thread 32" [_thread_blocked, id=11244, stack(0x000000b014f00000,0x000000b015000000)]
  0x0000026f339d6000 JavaThread "Unconstrained build operations Thread 33" [_thread_blocked, id=7508, stack(0x000000b015000000,0x000000b015100000)]
  0x0000026f339d8800 JavaThread "Unconstrained build operations Thread 34" [_thread_blocked, id=5916, stack(0x000000b015100000,0x000000b015200000)]
  0x0000026f339d5800 JavaThread "Unconstrained build operations Thread 35" [_thread_blocked, id=6720, stack(0x000000b015200000,0x000000b015300000)]
  0x0000026f339de800 JavaThread "Unconstrained build operations Thread 36" [_thread_blocked, id=8952, stack(0x000000b015300000,0x000000b015400000)]
  0x0000026f339df000 JavaThread "Unconstrained build operations Thread 37" [_thread_blocked, id=4348, stack(0x000000b015400000,0x000000b015500000)]
  0x0000026f339e0000 JavaThread "Unconstrained build operations Thread 38" [_thread_blocked, id=8292, stack(0x000000b015500000,0x000000b015600000)]
  0x0000026f339da000 JavaThread "Unconstrained build operations Thread 39" [_thread_blocked, id=7796, stack(0x000000b015600000,0x000000b015700000)]
  0x0000026f339e1800 JavaThread "Unconstrained build operations Thread 40" [_thread_blocked, id=11456, stack(0x000000b015700000,0x000000b015800000)]
  0x0000026f339dc000 JavaThread "jar transforms Thread 4" [_thread_blocked, id=5180, stack(0x000000b015800000,0x000000b015900000)]
  0x0000026f339e1000 JavaThread "Memory manager" [_thread_blocked, id=2460, stack(0x000000b015900000,0x000000b015a00000)]
  0x0000026f339e2800 JavaThread "build event listener" [_thread_blocked, id=3448, stack(0x000000b015a00000,0x000000b015b00000)]
  0x0000026f339dc800 JavaThread "Execution worker for ':'" [_thread_blocked, id=9960, stack(0x000000b015b00000,0x000000b015c00000)]
  0x0000026f339e3000 JavaThread "Execution worker for ':' Thread 2" [_thread_blocked, id=12392, stack(0x000000b015c00000,0x000000b015d00000)]
  0x0000026f339e4000 JavaThread "Execution worker for ':' Thread 3" [_thread_blocked, id=6176, stack(0x000000b015d00000,0x000000b015e00000)]
  0x0000026f36ff8000 JavaThread "Cache worker for execution history cache (C:\Users\Praveen\AndroidStudioProjects\Todo\.gradle\7.3.3\executionHistory)" [_thread_blocked, id=5360, stack(0x000000b015e00000,0x000000b015f00000)]
  0x0000026f36ffa800 JavaThread "WorkerExecutor Queue" [_thread_blocked, id=5984, stack(0x000000b00fe00000,0x000000b00ff00000)]
  0x0000026f36ffb000 JavaThread "WorkerExecutor Queue Thread 2" [_thread_blocked, id=8784, stack(0x000000b00ff00000,0x000000b010000000)]
  0x0000026f36ff5800 JavaThread "WorkerExecutor Queue Thread 3" [_thread_blocked, id=9372, stack(0x000000b010000000,0x000000b010100000)]
  0x0000026f36ffc000 JavaThread "WorkerExecutor Queue Thread 4" [_thread_blocked, id=736, stack(0x000000b011b00000,0x000000b011c00000)]
  0x0000026f36ff6000 JavaThread "ForkJoinPool-1-worker-3" daemon [_thread_blocked, id=12620, stack(0x000000b016200000,0x000000b016300000)]
  0x0000026f36ffc800 JavaThread "ForkJoinPool-1-worker-5" daemon [_thread_blocked, id=828, stack(0x000000b016300000,0x000000b016400000)]
  0x0000026f36ff7000 JavaThread "ForkJoinPool-1-worker-7" daemon [_thread_blocked, id=11632, stack(0x000000b016400000,0x000000b016500000)]
  0x0000026f36ffd800 JavaThread "ForkJoinPool-1-worker-1" daemon [_thread_blocked, id=9300, stack(0x000000b016500000,0x000000b016600000)]

Other Threads:
=>0x0000026f2ed21800 VMThread "VM Thread" [stack: 0x000000b010700000,0x000000b010800000] [id=8452]
  0x0000026f2f81e800 WatcherThread [stack: 0x000000b011100000,0x000000b011200000] [id=12216]
  0x0000026f15156800 GCTaskThread "GC Thread#0" [stack: 0x000000b010200000,0x000000b010300000] [id=5388]
  0x0000026f2fa7a000 GCTaskThread "GC Thread#1" [stack: 0x000000b011300000,0x000000b011400000] [id=11880]
  0x0000026f31b4f000 GCTaskThread "GC Thread#2" [stack: 0x000000b011d00000,0x000000b011e00000] [id=3084]
  0x0000026f30f22000 GCTaskThread "GC Thread#3" [stack: 0x000000b011e00000,0x000000b011f00000] [id=7440]
  0x0000026f15187800 ConcurrentGCThread "G1 Main Marker" [stack: 0x000000b010300000,0x000000b010400000] [id=12568]
  0x0000026f15189800 ConcurrentGCThread "G1 Conc#0" [stack: 0x000000b010400000,0x000000b010500000] [id=7252]
  0x0000026f151fe800 ConcurrentGCThread "G1 Refine#0" [stack: 0x000000b010500000,0x000000b010600000] [id=7772]
  0x0000026f15202000 ConcurrentGCThread "G1 Young RemSet Sampling" [stack: 0x000000b010600000,0x000000b010700000] [id=6276]

Threads with active compile tasks:
C2 CompilerThread0 135077 18006       4       com.android.tools.r8.naming.C$b::a (88 bytes)

VM state:at safepoint (normal execution)

VM Mutex/Monitor currently owned by a thread:  ([mutex/lock_event])
[0x0000026f15139030] Threads_lock - owner thread: 0x0000026f2ed21800
[0x0000026f15138220] Heap_lock - owner thread: 0x0000026f36ffc800

Heap address: 0x0000000080000000, size: 2048 MB, Compressed Oops mode: 32-bit
Narrow klass base: 0x0000000000000000, Narrow klass shift: 3
Compressed class space size: 1073741824 Address: 0x0000000100000000

Heap:
 garbage-first heap   total 543744K, used 209280K [0x0000000080000000, 0x0000000100000000)
  region size 1024K, 9 young (9216K), 9 survivors (9216K)
 Metaspace       used 104900K, capacity 107604K, committed 107692K, reserved 1142784K
  class space    used 13508K, capacity 14555K, committed 14592K, reserved 1048576K
Heap Regions: E=young(eden), S=young(survivor), O=old, HS=humongous(starts), HC=humongous(continues), CS=collection set, F=free, A=archive, TAMS=top-at-mark-start (previous, next)
|   0|0x0000000080000000, 0x0000000080100000, 0x0000000080100000|100%| O|  |TAMS 0x0000000080100000, 0x0000000080000000| Untracked 
|   1|0x0000000080100000, 0x0000000080200000, 0x0000000080200000|100%| O|  |TAMS 0x0000000080200000, 0x0000000080100000| Untracked 
|   2|0x0000000080200000, 0x0000000080300000, 0x0000000080300000|100%| O|  |TAMS 0x0000000080300000, 0x0000000080200000| Untracked 
|   3|0x0000000080300000, 0x0000000080400000, 0x0000000080400000|100%|HS|  |TAMS 0x0000000080400000, 0x0000000080300000| Complete 
|   4|0x0000000080400000, 0x0000000080500000, 0x0000000080500000|100%|HC|  |TAMS 0x0000000080500000, 0x0000000080400000| Complete 
|   5|0x0000000080500000, 0x0000000080600000, 0x0000000080600000|100%|HC|  |TAMS 0x0000000080600000, 0x0000000080500000| Complete 
|   6|0x0000000080600000, 0x0000000080700000, 0x0000000080700000|100%| O|  |TAMS 0x0000000080700000, 0x0000000080600000| Complete 
|   7|0x0000000080700000, 0x0000000080800000, 0x0000000080800000|100%| O|  |TAMS 0x0000000080800000, 0x0000000080700000| Untracked 
|   8|0x0000000080800000, 0x0000000080900000, 0x0000000080900000|100%| O|  |TAMS 0x0000000080900000, 0x0000000080800000| Untracked 
|   9|0x0000000080900000, 0x0000000080a00000, 0x0000000080a00000|100%| O|  |TAMS 0x0000000080a00000, 0x0000000080900000| Untracked 
|  10|0x0000000080a00000, 0x0000000080b00000, 0x0000000080b00000|100%| O|  |TAMS 0x0000000080b00000, 0x0000000080a00000| Untracked 
|  11|0x0000000080b00000, 0x0000000080c00000, 0x0000000080c00000|100%| O|  |TAMS 0x0000000080c00000, 0x0000000080b00000| Untracked 
|  12|0x0000000080c00000, 0x0000000080d00000, 0x0000000080d00000|100%| O|  |TAMS 0x0000000080d00000, 0x0000000080c00000| Complete 
|  13|0x0000000080d00000, 0x0000000080e00000, 0x0000000080e00000|100%| O|  |TAMS 0x0000000080e00000, 0x0000000080d00000| Complete 
|  14|0x0000000080e00000, 0x0000000080f00000, 0x0000000080f00000|100%| O|  |TAMS 0x0000000080f00000, 0x0000000080e00000| Untracked 
|  15|0x0000000080f00000, 0x0000000081000000, 0x0000000081000000|100%| O|  |TAMS 0x0000000081000000, 0x0000000080f00000| Untracked 
|  16|0x0000000081000000, 0x0000000081100000, 0x0000000081100000|100%| O|  |TAMS 0x0000000081100000, 0x0000000081000000| Untracked 
|  17|0x0000000081100000, 0x0000000081200000, 0x0000000081200000|100%| O|  |TAMS 0x0000000081200000, 0x0000000081100000| Untracked 
|  18|0x0000000081200000, 0x0000000081300000, 0x0000000081300000|100%|HS|  |TAMS 0x0000000081300000, 0x0000000081200000| Complete 
|  19|0x0000000081300000, 0x0000000081400000, 0x0000000081400000|100%| O|  |TAMS 0x0000000081400000, 0x0000000081300000| Untracked 
|  20|0x0000000081400000, 0x0000000081500000, 0x0000000081500000|100%| O|  |TAMS 0x0000000081500000, 0x0000000081400000| Untracked 
|  21|0x0000000081500000, 0x0000000081600000, 0x0000000081600000|100%| O|  |TAMS 0x0000000081600000, 0x0000000081500000| Complete 
|  22|0x0000000081600000, 0x0000000081700000, 0x0000000081700000|100%| O|  |TAMS 0x0000000081700000, 0x0000000081600000| Complete 
|  23|0x0000000081700000, 0x0000000081800000, 0x0000000081800000|100%| O|  |TAMS 0x0000000081800000, 0x0000000081700000| Untracked 
|  24|0x0000000081800000, 0x0000000081900000, 0x0000000081900000|100%| O|  |TAMS 0x0000000081900000, 0x0000000081800000| Untracked 
|  25|0x0000000081900000, 0x0000000081a00000, 0x0000000081a00000|100%| O|  |TAMS 0x0000000081a00000, 0x0000000081900000| Untracked 
|  26|0x0000000081a00000, 0x0000000081b00000, 0x0000000081b00000|100%| O|  |TAMS 0x0000000081b00000, 0x0000000081a00000| Untracked 
|  27|0x0000000081b00000, 0x0000000081c00000, 0x0000000081c00000|100%| O|  |TAMS 0x0000000081c00000, 0x0000000081b00000| Complete 
|  28|0x0000000081c00000, 0x0000000081d00000, 0x0000000081d00000|100%|HS|  |TAMS 0x0000000081d00000, 0x0000000081c00000| Complete 
|  29|0x0000000081d00000, 0x0000000081e00000, 0x0000000081e00000|100%|HS|  |TAMS 0x0000000081e00000, 0x0000000081d00000| Complete 
|  30|0x0000000081e00000, 0x0000000081f00000, 0x0000000081f00000|100%|HC|  |TAMS 0x0000000081f00000, 0x0000000081e00000| Complete 
|  31|0x0000000081f00000, 0x0000000082000000, 0x0000000082000000|100%| O|  |TAMS 0x0000000082000000, 0x0000000081f00000| Untracked 
|  32|0x0000000082000000, 0x0000000082100000, 0x0000000082100000|100%| O|  |TAMS 0x0000000082100000, 0x0000000082000000| Complete 
|  33|0x0000000082100000, 0x0000000082200000, 0x0000000082200000|100%| O|  |TAMS 0x0000000082200000, 0x0000000082100000| Untracked 
|  34|0x0000000082200000, 0x0000000082300000, 0x0000000082300000|100%| O|  |TAMS 0x0000000082300000, 0x0000000082200000| Untracked 
|  35|0x0000000082300000, 0x0000000082400000, 0x0000000082400000|100%| O|  |TAMS 0x0000000082400000, 0x0000000082300000| Complete 
|  36|0x0000000082400000, 0x0000000082500000, 0x0000000082500000|100%| O|  |TAMS 0x0000000082500000, 0x0000000082400000| Complete 
|  37|0x0000000082500000, 0x0000000082600000, 0x0000000082600000|100%| O|  |TAMS 0x0000000082600000, 0x0000000082500000| Untracked 
|  38|0x0000000082600000, 0x0000000082700000, 0x0000000082700000|100%| O|  |TAMS 0x0000000082700000, 0x0000000082600000| Untracked 
|  39|0x0000000082700000, 0x0000000082800000, 0x0000000082800000|100%| O|  |TAMS 0x0000000082800000, 0x0000000082700000| Untracked 
|  40|0x0000000082800000, 0x0000000082900000, 0x0000000082900000|100%| O|  |TAMS 0x0000000082900000, 0x0000000082800000| Untracked 
|  41|0x0000000082900000, 0x0000000082a00000, 0x0000000082a00000|100%| O|  |TAMS 0x0000000082a00000, 0x0000000082900000| Untracked 
|  42|0x0000000082a00000, 0x0000000082b00000, 0x0000000082b00000|100%| O|  |TAMS 0x0000000082b00000, 0x0000000082a00000| Complete 
|  43|0x0000000082b00000, 0x0000000082c00000, 0x0000000082c00000|100%| O|  |TAMS 0x0000000082c00000, 0x0000000082b00000| Untracked 
|  44|0x0000000082c00000, 0x0000000082d00000, 0x0000000082d00000|100%| O|  |TAMS 0x0000000082d00000, 0x0000000082c00000| Untracked 
|  45|0x0000000082d00000, 0x0000000082e00000, 0x0000000082e00000|100%| O|  |TAMS 0x0000000082e00000, 0x0000000082d00000| Untracked 
|  46|0x0000000082e00000, 0x0000000082f00000, 0x0000000082f00000|100%| O|  |TAMS 0x0000000082f00000, 0x0000000082e00000| Untracked 
|  47|0x0000000082f00000, 0x0000000083000000, 0x0000000083000000|100%| O|  |TAMS 0x0000000083000000, 0x0000000082f00000| Untracked 
|  48|0x0000000083000000, 0x0000000083100000, 0x0000000083100000|100%| O|  |TAMS 0x0000000083100000, 0x0000000083000000| Untracked 
|  49|0x0000000083100000, 0x0000000083200000, 0x0000000083200000|100%| O|  |TAMS 0x0000000083200000, 0x0000000083100000| Untracked 
|  50|0x0000000083200000, 0x0000000083300000, 0x0000000083300000|100%| O|  |TAMS 0x0000000083300000, 0x0000000083200000| Untracked 
|  51|0x0000000083300000, 0x0000000083400000, 0x0000000083400000|100%| O|  |TAMS 0x0000000083400000, 0x0000000083300000| Untracked 
|  52|0x0000000083400000, 0x0000000083500000, 0x0000000083500000|100%| O|  |TAMS 0x0000000083500000, 0x0000000083400000| Untracked 
|  53|0x0000000083500000, 0x0000000083600000, 0x0000000083600000|100%| O|  |TAMS 0x0000000083600000, 0x0000000083500000| Untracked 
|  54|0x0000000083600000, 0x0000000083700000, 0x0000000083700000|100%| O|  |TAMS 0x0000000083700000, 0x0000000083600000| Untracked 
|  55|0x0000000083700000, 0x0000000083800000, 0x0000000083800000|100%| O|  |TAMS 0x0000000083800000, 0x0000000083700000| Complete 
|  56|0x0000000083800000, 0x0000000083900000, 0x0000000083900000|100%| O|  |TAMS 0x0000000083900000, 0x0000000083800000| Untracked 
|  57|0x0000000083900000, 0x0000000083a00000, 0x0000000083a00000|100%| O|  |TAMS 0x0000000083a00000, 0x0000000083900000| Untracked 
|  58|0x0000000083a00000, 0x0000000083b00000, 0x0000000083b00000|100%| O|  |TAMS 0x0000000083b00000, 0x0000000083a00000| Untracked 
|  59|0x0000000083b00000, 0x0000000083c00000, 0x0000000083c00000|100%| O|  |TAMS 0x0000000083c00000, 0x0000000083b00000| Complete 
|  60|0x0000000083c00000, 0x0000000083d00000, 0x0000000083d00000|100%| O|  |TAMS 0x0000000083d00000, 0x0000000083c00000| Complete 
|  61|0x0000000083d00000, 0x0000000083e00000, 0x0000000083e00000|100%| O|  |TAMS 0x0000000083e00000, 0x0000000083d00000| Complete 
|  62|0x0000000083e00000, 0x0000000083f00000, 0x0000000083f00000|100%| O|  |TAMS 0x0000000083f00000, 0x0000000083e00000| Complete 
|  63|0x0000000083f00000, 0x0000000084000000, 0x0000000084000000|100%| O|  |TAMS 0x0000000084000000, 0x0000000083f00000| Untracked 
|  64|0x0000000084000000, 0x0000000084100000, 0x0000000084100000|100%| O|  |TAMS 0x0000000084100000, 0x0000000084000000| Untracked 
|  65|0x0000000084100000, 0x0000000084200000, 0x0000000084200000|100%| O|  |TAMS 0x0000000084200000, 0x0000000084100000| Complete 
|  66|0x0000000084200000, 0x0000000084300000, 0x0000000084300000|100%| O|  |TAMS 0x0000000084300000, 0x0000000084200000| Complete 
|  67|0x0000000084300000, 0x0000000084400000, 0x0000000084400000|100%| O|  |TAMS 0x0000000084400000, 0x0000000084300000| Complete 
|  68|0x0000000084400000, 0x0000000084500000, 0x0000000084500000|100%| O|  |TAMS 0x0000000084500000, 0x0000000084400000| Complete 
|  69|0x0000000084500000, 0x0000000084600000, 0x0000000084600000|100%| O|  |TAMS 0x0000000084600000, 0x0000000084500000| Complete 
|  70|0x0000000084600000, 0x0000000084700000, 0x0000000084700000|100%| O|  |TAMS 0x0000000084700000, 0x0000000084600000| Untracked 
|  71|0x0000000084700000, 0x0000000084800000, 0x0000000084800000|100%| O|  |TAMS 0x0000000084800000, 0x0000000084700000| Untracked 
|  72|0x0000000084800000, 0x0000000084900000, 0x0000000084900000|100%| O|  |TAMS 0x0000000084900000, 0x0000000084800000| Untracked 
|  73|0x0000000084900000, 0x0000000084a00000, 0x0000000084a00000|100%| O|  |TAMS 0x0000000084a00000, 0x0000000084900000| Untracked 
|  74|0x0000000084a00000, 0x0000000084b00000, 0x0000000084b00000|100%| O|  |TAMS 0x0000000084b00000, 0x0000000084a00000| Untracked 
|  75|0x0000000084b00000, 0x0000000084c00000, 0x0000000084c00000|100%| O|  |TAMS 0x0000000084c00000, 0x0000000084b00000| Untracked 
|  76|0x0000000084c00000, 0x0000000084d00000, 0x0000000084d00000|100%| O|  |TAMS 0x0000000084d00000, 0x0000000084c00000| Untracked 
|  77|0x0000000084d00000, 0x0000000084e00000, 0x0000000084e00000|100%| O|  |TAMS 0x0000000084e00000, 0x0000000084d00000| Untracked 
|  78|0x0000000084e00000, 0x0000000084f00000, 0x0000000084f00000|100%| O|  |TAMS 0x0000000084f00000, 0x0000000084e00000| Complete 
|  79|0x0000000084f00000, 0x0000000085000000, 0x0000000085000000|100%| O|  |TAMS 0x0000000085000000, 0x0000000084f00000| Complete 
|  80|0x0000000085000000, 0x0000000085100000, 0x0000000085100000|100%| O|  |TAMS 0x0000000085100000, 0x0000000085000000| Complete 
|  81|0x0000000085100000, 0x0000000085200000, 0x0000000085200000|100%| O|  |TAMS 0x0000000085200000, 0x0000000085100000| Complete 
|  82|0x0000000085200000, 0x0000000085300000, 0x0000000085300000|100%| O|  |TAMS 0x0000000085300000, 0x0000000085200000| Complete 
|  83|0x0000000085300000, 0x0000000085400000, 0x0000000085400000|100%|HS|  |TAMS 0x0000000085300000, 0x0000000085300000| Complete 
|  84|0x0000000085400000, 0x0000000085500000, 0x0000000085500000|100%| O|  |TAMS 0x0000000085500000, 0x0000000085400000| Complete 
|  85|0x0000000085500000, 0x0000000085600000, 0x0000000085600000|100%| O|  |TAMS 0x0000000085600000, 0x0000000085500000| Complete 
|  86|0x0000000085600000, 0x0000000085700000, 0x0000000085700000|100%|HS|  |TAMS 0x0000000085600000, 0x0000000085600000| Complete 
|  87|0x0000000085700000, 0x0000000085800000, 0x0000000085800000|100%| O|  |TAMS 0x0000000085800000, 0x0000000085700000| Complete 
|  88|0x0000000085800000, 0x0000000085900000, 0x0000000085900000|100%| O|  |TAMS 0x0000000085900000, 0x0000000085800000| Complete 
|  89|0x0000000085900000, 0x0000000085a00000, 0x0000000085a00000|100%| O|  |TAMS 0x0000000085a00000, 0x0000000085900000| Complete 
|  90|0x0000000085a00000, 0x0000000085b00000, 0x0000000085b00000|100%|HS|  |TAMS 0x0000000085a00000, 0x0000000085a00000| Complete 
|  91|0x0000000085b00000, 0x0000000085c00000, 0x0000000085c00000|100%| O|  |TAMS 0x0000000085c00000, 0x0000000085b00000| Complete 
|  92|0x0000000085c00000, 0x0000000085d00000, 0x0000000085d00000|100%| O|  |TAMS 0x0000000085c00000, 0x0000000085c00000| Untracked 
|  93|0x0000000085d00000, 0x0000000085e00000, 0x0000000085e00000|100%| O|  |TAMS 0x0000000085e00000, 0x0000000085d00000| Complete 
|  94|0x0000000085e00000, 0x0000000085f00000, 0x0000000085f00000|100%| O|  |TAMS 0x0000000085f00000, 0x0000000085e00000| Complete 
|  95|0x0000000085f00000, 0x0000000086000000, 0x0000000086000000|100%| O|  |TAMS 0x0000000086000000, 0x0000000085f00000| Complete 
|  96|0x0000000086000000, 0x0000000086100000, 0x0000000086100000|100%| O|  |TAMS 0x0000000086100000, 0x0000000086000000| Complete 
|  97|0x0000000086100000, 0x0000000086200000, 0x0000000086200000|100%| O|  |TAMS 0x0000000086200000, 0x0000000086100000| Complete 
|  98|0x0000000086200000, 0x0000000086300000, 0x0000000086300000|100%| O|  |TAMS 0x0000000086200000, 0x0000000086200000| Untracked 
|  99|0x0000000086300000, 0x0000000086400000, 0x0000000086400000|100%| O|  |TAMS 0x0000000086400000, 0x0000000086300000| Complete 
| 100|0x0000000086400000, 0x0000000086500000, 0x0000000086500000|100%| O|  |TAMS 0x0000000086500000, 0x0000000086400000| Complete 
| 101|0x0000000086500000, 0x0000000086600000, 0x0000000086600000|100%| O|  |TAMS 0x0000000086600000, 0x0000000086500000| Complete 
| 102|0x0000000086600000, 0x0000000086700000, 0x0000000086700000|100%| O|  |TAMS 0x0000000086700000, 0x0000000086600000| Complete 
| 103|0x0000000086700000, 0x0000000086800000, 0x0000000086800000|100%| O|  |TAMS 0x0000000086800000, 0x0000000086700000| Complete 
| 104|0x0000000086800000, 0x0000000086900000, 0x0000000086900000|100%| O|  |TAMS 0x0000000086900000, 0x0000000086800000| Complete 
| 105|0x0000000086900000, 0x0000000086a00000, 0x0000000086a00000|100%| O|  |TAMS 0x0000000086a00000, 0x0000000086900000| Complete 
| 106|0x0000000086a00000, 0x0000000086b00000, 0x0000000086b00000|100%| O|  |TAMS 0x0000000086b00000, 0x0000000086a00000| Complete 
| 107|0x0000000086b00000, 0x0000000086c00000, 0x0000000086c00000|100%| O|  |TAMS 0x0000000086c00000, 0x0000000086b00000| Complete 
| 108|0x0000000086c00000, 0x0000000086d00000, 0x0000000086d00000|100%| O|  |TAMS 0x0000000086d00000, 0x0000000086c00000| Complete 
| 109|0x0000000086d00000, 0x0000000086e00000, 0x0000000086e00000|100%| O|  |TAMS 0x0000000086e00000, 0x0000000086d00000| Complete 
| 110|0x0000000086e00000, 0x0000000086f00000, 0x0000000086f00000|100%| O|  |TAMS 0x0000000086f00000, 0x0000000086e00000| Complete 
| 111|0x0000000086f00000, 0x0000000087000000, 0x0000000087000000|100%| O|  |TAMS 0x0000000086f00000, 0x0000000086f00000| Untracked 
| 112|0x0000000087000000, 0x0000000087100000, 0x0000000087100000|100%| O|  |TAMS 0x0000000087100000, 0x0000000087000000| Complete 
| 113|0x0000000087100000, 0x0000000087200000, 0x0000000087200000|100%| O|  |TAMS 0x0000000087200000, 0x0000000087100000| Complete 
| 114|0x0000000087200000, 0x0000000087300000, 0x0000000087300000|100%| O|  |TAMS 0x0000000087300000, 0x0000000087200000| Complete 
| 115|0x0000000087300000, 0x0000000087400000, 0x0000000087400000|100%| O|  |TAMS 0x0000000087400000, 0x0000000087300000| Complete 
| 116|0x0000000087400000, 0x0000000087500000, 0x0000000087500000|100%| O|  |TAMS 0x0000000087500000, 0x0000000087400000| Complete 
| 117|0x0000000087500000, 0x0000000087600000, 0x0000000087600000|100%| O|  |TAMS 0x0000000087500000, 0x0000000087500000| Untracked 
| 118|0x0000000087600000, 0x0000000087700000, 0x0000000087700000|100%| O|  |TAMS 0x0000000087700000, 0x0000000087600000| Complete 
| 119|0x0000000087700000, 0x0000000087800000, 0x0000000087800000|100%| O|  |TAMS 0x0000000087700000, 0x0000000087700000| Untracked 
| 120|0x0000000087800000, 0x0000000087900000, 0x0000000087900000|100%| O|  |TAMS 0x0000000087900000, 0x0000000087800000| Complete 
| 121|0x0000000087900000, 0x0000000087a00000, 0x0000000087a00000|100%| O|  |TAMS 0x0000000087a00000, 0x0000000087900000| Complete 
| 122|0x0000000087a00000, 0x0000000087b00000, 0x0000000087b00000|100%| O|  |TAMS 0x0000000087b00000, 0x0000000087a00000| Complete 
| 123|0x0000000087b00000, 0x0000000087c00000, 0x0000000087c00000|100%| O|  |TAMS 0x0000000087c00000, 0x0000000087b00000| Complete 
| 124|0x0000000087c00000, 0x0000000087d00000, 0x0000000087d00000|100%| O|  |TAMS 0x0000000087d00000, 0x0000000087c00000| Complete 
| 125|0x0000000087d00000, 0x0000000087e00000, 0x0000000087e00000|100%| O|  |TAMS 0x0000000087e00000, 0x0000000087d00000| Complete 
| 126|0x0000000087e00000, 0x0000000087f00000, 0x0000000087f00000|100%| O|  |TAMS 0x0000000087f00000, 0x0000000087e00000| Complete 
| 127|0x0000000087f00000, 0x0000000088000000, 0x0000000088000000|100%| O|  |TAMS 0x0000000088000000, 0x0000000087f00000| Complete 
| 128|0x0000000088000000, 0x0000000088100000, 0x0000000088100000|100%| O|  |TAMS 0x0000000088100000, 0x0000000088000000| Complete 
| 129|0x0000000088100000, 0x0000000088200000, 0x0000000088200000|100%| O|  |TAMS 0x0000000088200000, 0x0000000088100000| Complete 
| 130|0x0000000088200000, 0x0000000088300000, 0x0000000088300000|100%| O|  |TAMS 0x0000000088300000, 0x0000000088200000| Complete 
| 131|0x0000000088300000, 0x0000000088400000, 0x0000000088400000|100%| O|  |TAMS 0x0000000088400000, 0x0000000088300000| Complete 
| 132|0x0000000088400000, 0x0000000088500000, 0x0000000088500000|100%| O|  |TAMS 0x0000000088500000, 0x0000000088400000| Complete 
| 133|0x0000000088500000, 0x0000000088600000, 0x0000000088600000|100%| O|  |TAMS 0x0000000088600000, 0x0000000088500000| Complete 
| 134|0x0000000088600000, 0x0000000088700000, 0x0000000088700000|100%| O|  |TAMS 0x0000000088600000, 0x0000000088600000| Untracked 
| 135|0x0000000088700000, 0x0000000088800000, 0x0000000088800000|100%| O|  |TAMS 0x0000000088700000, 0x0000000088700000| Untracked 
| 136|0x0000000088800000, 0x0000000088900000, 0x0000000088900000|100%| O|  |TAMS 0x0000000088900000, 0x0000000088800000| Complete 
| 137|0x0000000088900000, 0x0000000088a00000, 0x0000000088a00000|100%| O|  |TAMS 0x0000000088a00000, 0x0000000088900000| Complete 
| 138|0x0000000088a00000, 0x0000000088b00000, 0x0000000088b00000|100%| O|  |TAMS 0x0000000088b00000, 0x0000000088a00000| Complete 
| 139|0x0000000088b00000, 0x0000000088c00000, 0x0000000088c00000|100%| O|  |TAMS 0x0000000088c00000, 0x0000000088b00000| Complete 
| 140|0x0000000088c00000, 0x0000000088d00000, 0x0000000088d00000|100%| O|  |TAMS 0x0000000088d00000, 0x0000000088c00000| Complete 
| 141|0x0000000088d00000, 0x0000000088e00000, 0x0000000088e00000|100%| O|  |TAMS 0x0000000088e00000, 0x0000000088d00000| Complete 
| 142|0x0000000088e00000, 0x0000000088f00000, 0x0000000088f00000|100%| O|  |TAMS 0x0000000088e00000, 0x0000000088e00000| Untracked 
| 143|0x0000000088f00000, 0x0000000089000000, 0x0000000089000000|100%| O|  |TAMS 0x0000000089000000, 0x0000000088f00000| Complete 
| 144|0x0000000089000000, 0x0000000089100000, 0x0000000089100000|100%| O|  |TAMS 0x0000000089100000, 0x0000000089000000| Complete 
| 145|0x0000000089100000, 0x0000000089200000, 0x0000000089200000|100%| O|  |TAMS 0x0000000089100000, 0x0000000089100000| Untracked 
| 146|0x0000000089200000, 0x0000000089300000, 0x0000000089300000|100%| O|  |TAMS 0x0000000089200000, 0x0000000089200000| Untracked 
| 147|0x0000000089300000, 0x0000000089400000, 0x0000000089400000|100%| O|  |TAMS 0x0000000089400000, 0x0000000089300000| Complete 
| 148|0x0000000089400000, 0x0000000089500000, 0x0000000089500000|100%| O|  |TAMS 0x0000000089400000, 0x0000000089400000| Untracked 
| 149|0x0000000089500000, 0x0000000089600000, 0x0000000089600000|100%| O|  |TAMS 0x0000000089600000, 0x0000000089500000| Complete 
| 150|0x0000000089600000, 0x0000000089700000, 0x0000000089700000|100%| O|  |TAMS 0x0000000089700000, 0x0000000089600000| Complete 
| 151|0x0000000089700000, 0x0000000089800000, 0x0000000089800000|100%|HS|  |TAMS 0x0000000089800000, 0x0000000089700000| Complete 
| 152|0x0000000089800000, 0x0000000089900000, 0x0000000089900000|100%|HC|  |TAMS 0x0000000089900000, 0x0000000089800000| Complete 
| 153|0x0000000089900000, 0x0000000089a00000, 0x0000000089a00000|100%|HS|  |TAMS 0x0000000089a00000, 0x0000000089900000| Complete 
| 154|0x0000000089a00000, 0x0000000089b00000, 0x0000000089b00000|100%|HS|  |TAMS 0x0000000089b00000, 0x0000000089a00000| Complete 
| 155|0x0000000089b00000, 0x0000000089c00000, 0x0000000089c00000|100%|HS|  |TAMS 0x0000000089c00000, 0x0000000089b00000| Complete 
| 156|0x0000000089c00000, 0x0000000089d00000, 0x0000000089d00000|100%|HS|  |TAMS 0x0000000089d00000, 0x0000000089c00000| Complete 
| 157|0x0000000089d00000, 0x0000000089e00000, 0x0000000089e00000|100%| O|  |TAMS 0x0000000089e00000, 0x0000000089d00000| Untracked 
| 158|0x0000000089e00000, 0x0000000089f00000, 0x0000000089f00000|100%| O|  |TAMS 0x0000000089e00000, 0x0000000089e00000| Untracked 
| 159|0x0000000089f00000, 0x0000000089f60200, 0x000000008a000000| 37%| O|  |TAMS 0x0000000089f00000, 0x0000000089f00000| Untracked 
| 160|0x000000008a000000, 0x000000008a100000, 0x000000008a100000|100%| O|  |TAMS 0x000000008a100000, 0x000000008a000000| Untracked 
| 161|0x000000008a100000, 0x000000008a100000, 0x000000008a200000|  0%| F|  |TAMS 0x000000008a100000, 0x000000008a100000| Untracked 
| 162|0x000000008a200000, 0x000000008a300000, 0x000000008a300000|100%| O|  |TAMS 0x000000008a300000, 0x000000008a200000| Untracked 
| 163|0x000000008a300000, 0x000000008a300000, 0x000000008a400000|  0%| F|  |TAMS 0x000000008a300000, 0x000000008a300000| Untracked 
| 164|0x000000008a400000, 0x000000008a500000, 0x000000008a500000|100%| O|  |TAMS 0x000000008a500000, 0x000000008a400000| Complete 
| 165|0x000000008a500000, 0x000000008a600000, 0x000000008a600000|100%| O|  |TAMS 0x000000008a600000, 0x000000008a500000| Complete 
| 166|0x000000008a600000, 0x000000008a700000, 0x000000008a700000|100%| O|  |TAMS 0x000000008a700000, 0x000000008a600000| Complete 
| 167|0x000000008a700000, 0x000000008a800000, 0x000000008a800000|100%| O|  |TAMS 0x000000008a800000, 0x000000008a700000| Untracked 
| 168|0x000000008a800000, 0x000000008a900000, 0x000000008a900000|100%| O|  |TAMS 0x000000008a900000, 0x000000008a800000| Complete 
| 169|0x000000008a900000, 0x000000008aa00000, 0x000000008aa00000|100%| O|  |TAMS 0x000000008aa00000, 0x000000008a900000| Complete 
| 170|0x000000008aa00000, 0x000000008ab00000, 0x000000008ab00000|100%| O|  |TAMS 0x000000008ab00000, 0x000000008aa00000| Complete 
| 171|0x000000008ab00000, 0x000000008ac00000, 0x000000008ac00000|100%| O|  |TAMS 0x000000008ac00000, 0x000000008ab00000| Untracked 
| 172|0x000000008ac00000, 0x000000008ad00000, 0x000000008ad00000|100%| O|  |TAMS 0x000000008ad00000, 0x000000008ac00000| Complete 
| 173|0x000000008ad00000, 0x000000008ae00000, 0x000000008ae00000|100%| O|  |TAMS 0x000000008ae00000, 0x000000008ad00000| Complete 
| 174|0x000000008ae00000, 0x000000008af00000, 0x000000008af00000|100%| O|  |TAMS 0x000000008af00000, 0x000000008ae00000| Untracked 
| 175|0x000000008af00000, 0x000000008b000000, 0x000000008b000000|100%| O|  |TAMS 0x000000008b000000, 0x000000008af00000| Untracked 
| 176|0x000000008b000000, 0x000000008b100000, 0x000000008b100000|100%| O|  |TAMS 0x000000008b100000, 0x000000008b000000| Complete 
| 177|0x000000008b100000, 0x000000008b200000, 0x000000008b200000|100%| O|  |TAMS 0x000000008b200000, 0x000000008b100000| Complete 
| 178|0x000000008b200000, 0x000000008b300000, 0x000000008b300000|100%| O|  |TAMS 0x000000008b300000, 0x000000008b200000| Complete 
| 179|0x000000008b300000, 0x000000008b400000, 0x000000008b400000|100%|HS|  |TAMS 0x000000008b300000, 0x000000008b300000| Complete 
| 180|0x000000008b400000, 0x000000008b400000, 0x000000008b500000|  0%| F|  |TAMS 0x000000008b400000, 0x000000008b400000| Untracked 
| 181|0x000000008b500000, 0x000000008b500000, 0x000000008b600000|  0%| F|  |TAMS 0x000000008b500000, 0x000000008b500000| Untracked 
| 182|0x000000008b600000, 0x000000008b600000, 0x000000008b700000|  0%| F|  |TAMS 0x000000008b600000, 0x000000008b600000| Untracked 
| 183|0x000000008b700000, 0x000000008b700000, 0x000000008b800000|  0%| F|  |TAMS 0x000000008b700000, 0x000000008b700000| Untracked 
| 184|0x000000008b800000, 0x000000008b800000, 0x000000008b900000|  0%| F|  |TAMS 0x000000008b800000, 0x000000008b800000| Untracked 
| 185|0x000000008b900000, 0x000000008b900000, 0x000000008ba00000|  0%| F|  |TAMS 0x000000008b900000, 0x000000008b900000| Untracked 
| 186|0x000000008ba00000, 0x000000008ba00000, 0x000000008bb00000|  0%| F|  |TAMS 0x000000008ba00000, 0x000000008ba00000| Untracked 
| 187|0x000000008bb00000, 0x000000008bb00000, 0x000000008bc00000|  0%| F|  |TAMS 0x000000008bb00000, 0x000000008bb00000| Untracked 
| 188|0x000000008bc00000, 0x000000008bc00000, 0x000000008bd00000|  0%| F|  |TAMS 0x000000008bc00000, 0x000000008bc00000| Untracked 
| 189|0x000000008bd00000, 0x000000008bd00000, 0x000000008be00000|  0%| F|  |TAMS 0x000000008bd00000, 0x000000008bd00000| Untracked 
| 190|0x000000008be00000, 0x000000008be00000, 0x000000008bf00000|  0%| F|  |TAMS 0x000000008be00000, 0x000000008be00000| Untracked 
| 191|0x000000008bf00000, 0x000000008bf00000, 0x000000008c000000|  0%| F|  |TAMS 0x000000008bf00000, 0x000000008bf00000| Untracked 
| 192|0x000000008c000000, 0x000000008c100000, 0x000000008c100000|100%| O|  |TAMS 0x000000008c100000, 0x000000008c000000| Untracked 
| 193|0x000000008c100000, 0x000000008c200000, 0x000000008c200000|100%| O|  |TAMS 0x000000008c200000, 0x000000008c100000| Untracked 
| 194|0x000000008c200000, 0x000000008c300000, 0x000000008c300000|100%| O|  |TAMS 0x000000008c300000, 0x000000008c200000| Untracked 
| 195|0x000000008c300000, 0x000000008c400000, 0x000000008c400000|100%| O|  |TAMS 0x000000008c400000, 0x000000008c300000| Untracked 
| 196|0x000000008c400000, 0x000000008c500000, 0x000000008c500000|100%| O|  |TAMS 0x000000008c500000, 0x000000008c400000| Untracked 
| 197|0x000000008c500000, 0x000000008c500000, 0x000000008c600000|  0%| F|  |TAMS 0x000000008c500000, 0x000000008c500000| Untracked 
| 198|0x000000008c600000, 0x000000008c600000, 0x000000008c700000|  0%| F|  |TAMS 0x000000008c600000, 0x000000008c600000| Untracked 
| 199|0x000000008c700000, 0x000000008c700000, 0x000000008c800000|  0%| F|  |TAMS 0x000000008c700000, 0x000000008c700000| Untracked 
| 200|0x000000008c800000, 0x000000008c800000, 0x000000008c900000|  0%| F|  |TAMS 0x000000008c800000, 0x000000008c800000| Untracked 
| 201|0x000000008c900000, 0x000000008ca00000, 0x000000008ca00000|100%| O|  |TAMS 0x000000008ca00000, 0x000000008c900000| Untracked 
| 202|0x000000008ca00000, 0x000000008cb00000, 0x000000008cb00000|100%| O|  |TAMS 0x000000008cb00000, 0x000000008ca00000| Untracked 
| 203|0x000000008cb00000, 0x000000008cc00000, 0x000000008cc00000|100%| O|  |TAMS 0x000000008cc00000, 0x000000008cb00000| Complete 
| 204|0x000000008cc00000, 0x000000008cd00000, 0x000000008cd00000|100%| O|  |TAMS 0x000000008cd00000, 0x000000008cc00000| Untracked 
| 205|0x000000008cd00000, 0x000000008ce00000, 0x000000008ce00000|100%| O|  |TAMS 0x000000008ce00000, 0x000000008cd00000| Complete 
| 206|0x000000008ce00000, 0x000000008cf00000, 0x000000008cf00000|100%| O|  |TAMS 0x000000008cf00000, 0x000000008ce00000| Complete 
| 207|0x000000008cf00000, 0x000000008d000000, 0x000000008d000000|100%| O|  |TAMS 0x000000008d000000, 0x000000008cf00000| Complete 
| 208|0x000000008d000000, 0x000000008d100000, 0x000000008d100000|100%| O|  |TAMS 0x000000008d100000, 0x000000008d000000| Complete 
| 209|0x000000008d100000, 0x000000008d200000, 0x000000008d200000|100%| O|  |TAMS 0x000000008d200000, 0x000000008d100000| Untracked 
| 210|0x000000008d200000, 0x000000008d300000, 0x000000008d300000|100%| O|  |TAMS 0x000000008d300000, 0x000000008d200000| Complete 
| 211|0x000000008d300000, 0x000000008d400000, 0x000000008d400000|100%| O|  |TAMS 0x000000008d400000, 0x000000008d300000| Complete 
| 212|0x000000008d400000, 0x000000008d500000, 0x000000008d500000|100%| O|  |TAMS 0x000000008d474000, 0x000000008d400000| Untracked 
| 213|0x000000008d500000, 0x000000008d500000, 0x000000008d600000|  0%| F|  |TAMS 0x000000008d500000, 0x000000008d500000| Untracked 
| 214|0x000000008d600000, 0x000000008d600000, 0x000000008d700000|  0%| F|  |TAMS 0x000000008d600000, 0x000000008d600000| Untracked 
| 215|0x000000008d700000, 0x000000008d700000, 0x000000008d800000|  0%| F|  |TAMS 0x000000008d700000, 0x000000008d700000| Untracked 
| 216|0x000000008d800000, 0x000000008d800000, 0x000000008d900000|  0%| F|  |TAMS 0x000000008d800000, 0x000000008d800000| Untracked 
| 217|0x000000008d900000, 0x000000008d900000, 0x000000008da00000|  0%| F|  |TAMS 0x000000008d900000, 0x000000008d900000| Untracked 
| 218|0x000000008da00000, 0x000000008da00000, 0x000000008db00000|  0%| F|  |TAMS 0x000000008da00000, 0x000000008da00000| Untracked 
| 219|0x000000008db00000, 0x000000008db00000, 0x000000008dc00000|  0%| F|  |TAMS 0x000000008db00000, 0x000000008db00000| Untracked 
| 220|0x000000008dc00000, 0x000000008dc00000, 0x000000008dd00000|  0%| F|  |TAMS 0x000000008dc00000, 0x000000008dc00000| Untracked 
| 221|0x000000008dd00000, 0x000000008dd00000, 0x000000008de00000|  0%| F|  |TAMS 0x000000008dd00000, 0x000000008dd00000| Untracked 
| 222|0x000000008de00000, 0x000000008de00000, 0x000000008df00000|  0%| F|  |TAMS 0x000000008de00000, 0x000000008de00000| Untracked 
| 223|0x000000008df00000, 0x000000008df00000, 0x000000008e000000|  0%| F|  |TAMS 0x000000008df00000, 0x000000008df00000| Untracked 
| 224|0x000000008e000000, 0x000000008e000000, 0x000000008e100000|  0%| F|  |TAMS 0x000000008e000000, 0x000000008e000000| Untracked 
| 225|0x000000008e100000, 0x000000008e100000, 0x000000008e200000|  0%| F|  |TAMS 0x000000008e100000, 0x000000008e100000| Untracked 
| 226|0x000000008e200000, 0x000000008e200000, 0x000000008e300000|  0%| F|  |TAMS 0x000000008e200000, 0x000000008e200000| Untracked 
| 227|0x000000008e300000, 0x000000008e300000, 0x000000008e400000|  0%| F|  |TAMS 0x000000008e300000, 0x000000008e300000| Untracked 
| 228|0x000000008e400000, 0x000000008e400000, 0x000000008e500000|  0%| F|  |TAMS 0x000000008e400000, 0x000000008e400000| Untracked 
| 229|0x000000008e500000, 0x000000008e500000, 0x000000008e600000|  0%| F|  |TAMS 0x000000008e500000, 0x000000008e500000| Untracked 
| 230|0x000000008e600000, 0x000000008e600000, 0x000000008e700000|  0%| F|  |TAMS 0x000000008e600000, 0x000000008e600000| Untracked 
| 231|0x000000008e700000, 0x000000008e700000, 0x000000008e800000|  0%| F|  |TAMS 0x000000008e700000, 0x000000008e700000| Untracked 
| 232|0x000000008e800000, 0x000000008e800000, 0x000000008e900000|  0%| F|  |TAMS 0x000000008e800000, 0x000000008e800000| Untracked 
| 233|0x000000008e900000, 0x000000008e900000, 0x000000008ea00000|  0%| F|  |TAMS 0x000000008e900000, 0x000000008e900000| Untracked 
| 234|0x000000008ea00000, 0x000000008ea00000, 0x000000008eb00000|  0%| F|  |TAMS 0x000000008ea00000, 0x000000008ea00000| Untracked 
| 235|0x000000008eb00000, 0x000000008eb00000, 0x000000008ec00000|  0%| F|  |TAMS 0x000000008eb00000, 0x000000008eb00000| Untracked 
| 236|0x000000008ec00000, 0x000000008ec00000, 0x000000008ed00000|  0%| F|  |TAMS 0x000000008ec00000, 0x000000008ec00000| Untracked 
| 237|0x000000008ed00000, 0x000000008ed00000, 0x000000008ee00000|  0%| F|  |TAMS 0x000000008ed00000, 0x000000008ed00000| Untracked 
| 238|0x000000008ee00000, 0x000000008ee00000, 0x000000008ef00000|  0%| F|  |TAMS 0x000000008ee00000, 0x000000008ee00000| Untracked 
| 239|0x000000008ef00000, 0x000000008ef00000, 0x000000008f000000|  0%| F|  |TAMS 0x000000008ef00000, 0x000000008ef00000| Untracked 
| 240|0x000000008f000000, 0x000000008f000000, 0x000000008f100000|  0%| F|  |TAMS 0x000000008f000000, 0x000000008f000000| Untracked 
| 241|0x000000008f100000, 0x000000008f100000, 0x000000008f200000|  0%| F|  |TAMS 0x000000008f100000, 0x000000008f100000| Untracked 
| 242|0x000000008f200000, 0x000000008f200000, 0x000000008f300000|  0%| F|  |TAMS 0x000000008f200000, 0x000000008f200000| Untracked 
| 243|0x000000008f300000, 0x000000008f300000, 0x000000008f400000|  0%| F|  |TAMS 0x000000008f300000, 0x000000008f300000| Untracked 
| 244|0x000000008f400000, 0x000000008f400000, 0x000000008f500000|  0%| F|  |TAMS 0x000000008f400000, 0x000000008f400000| Untracked 
| 245|0x000000008f500000, 0x000000008f500000, 0x000000008f600000|  0%| F|  |TAMS 0x000000008f500000, 0x000000008f500000| Untracked 
| 246|0x000000008f600000, 0x000000008f600000, 0x000000008f700000|  0%| F|  |TAMS 0x000000008f600000, 0x000000008f600000| Untracked 
| 247|0x000000008f700000, 0x000000008f700000, 0x000000008f800000|  0%| F|  |TAMS 0x000000008f700000, 0x000000008f700000| Untracked 
| 248|0x000000008f800000, 0x000000008f800000, 0x000000008f900000|  0%| F|  |TAMS 0x000000008f800000, 0x000000008f800000| Untracked 
| 249|0x000000008f900000, 0x000000008f900000, 0x000000008fa00000|  0%| F|  |TAMS 0x000000008f900000, 0x000000008f900000| Untracked 
| 250|0x000000008fa00000, 0x000000008fa00000, 0x000000008fb00000|  0%| F|  |TAMS 0x000000008fa00000, 0x000000008fa00000| Untracked 
| 251|0x000000008fb00000, 0x000000008fb00000, 0x000000008fc00000|  0%| F|  |TAMS 0x000000008fb00000, 0x000000008fb00000| Untracked 
| 252|0x000000008fc00000, 0x000000008fc00000, 0x000000008fd00000|  0%| F|  |TAMS 0x000000008fc00000, 0x000000008fc00000| Untracked 
| 253|0x000000008fd00000, 0x000000008fd00000, 0x000000008fe00000|  0%| F|  |TAMS 0x000000008fd00000, 0x000000008fd00000| Untracked 
| 254|0x000000008fe00000, 0x000000008fe00000, 0x000000008ff00000|  0%| F|  |TAMS 0x000000008fe00000, 0x000000008fe00000| Untracked 
| 255|0x000000008ff00000, 0x000000008ff00000, 0x0000000090000000|  0%| F|  |TAMS 0x000000008ff00000, 0x000000008ff00000| Untracked 
| 256|0x0000000090000000, 0x0000000090000000, 0x0000000090100000|  0%| F|  |TAMS 0x0000000090000000, 0x0000000090000000| Untracked 
| 257|0x0000000090100000, 0x0000000090100000, 0x0000000090200000|  0%| F|  |TAMS 0x0000000090100000, 0x0000000090100000| Untracked 
| 258|0x0000000090200000, 0x0000000090200000, 0x0000000090300000|  0%| F|  |TAMS 0x0000000090200000, 0x0000000090200000| Untracked 
| 259|0x0000000090300000, 0x0000000090300000, 0x0000000090400000|  0%| F|  |TAMS 0x0000000090300000, 0x0000000090300000| Untracked 
| 260|0x0000000090400000, 0x0000000090400000, 0x0000000090500000|  0%| F|  |TAMS 0x0000000090400000, 0x0000000090400000| Untracked 
| 261|0x0000000090500000, 0x0000000090600000, 0x0000000090600000|100%| S|CS|TAMS 0x0000000090500000, 0x0000000090500000| Complete 
| 262|0x0000000090600000, 0x0000000090700000, 0x0000000090700000|100%| S|CS|TAMS 0x0000000090600000, 0x0000000090600000| Complete 
| 263|0x0000000090700000, 0x0000000090800000, 0x0000000090800000|100%| S|CS|TAMS 0x0000000090700000, 0x0000000090700000| Complete 
| 264|0x0000000090800000, 0x0000000090900000, 0x0000000090900000|100%| S|CS|TAMS 0x0000000090800000, 0x0000000090800000| Complete 
| 265|0x0000000090900000, 0x0000000090a00000, 0x0000000090a00000|100%| S|CS|TAMS 0x0000000090900000, 0x0000000090900000| Complete 
| 266|0x0000000090a00000, 0x0000000090b00000, 0x0000000090b00000|100%| S|CS|TAMS 0x0000000090a00000, 0x0000000090a00000| Complete 
| 267|0x0000000090b00000, 0x0000000090c00000, 0x0000000090c00000|100%| S|CS|TAMS 0x0000000090b00000, 0x0000000090b00000| Complete 
| 268|0x0000000090c00000, 0x0000000090d00000, 0x0000000090d00000|100%| S|CS|TAMS 0x0000000090c00000, 0x0000000090c00000| Complete 
| 269|0x0000000090d00000, 0x0000000090e00000, 0x0000000090e00000|100%| S|CS|TAMS 0x0000000090d00000, 0x0000000090d00000| Complete 
| 270|0x0000000090e00000, 0x0000000090e00000, 0x0000000090f00000|  0%| F|  |TAMS 0x0000000090e00000, 0x0000000090e00000| Untracked 
| 271|0x0000000090f00000, 0x0000000090f00000, 0x0000000091000000|  0%| F|  |TAMS 0x0000000090f00000, 0x0000000090f00000| Untracked 
| 272|0x0000000091000000, 0x0000000091000000, 0x0000000091100000|  0%| F|  |TAMS 0x0000000091000000, 0x0000000091000000| Untracked 
| 273|0x0000000091100000, 0x0000000091100000, 0x0000000091200000|  0%| F|  |TAMS 0x0000000091100000, 0x0000000091100000| Untracked 
| 274|0x0000000091200000, 0x0000000091200000, 0x0000000091300000|  0%| F|  |TAMS 0x0000000091200000, 0x0000000091200000| Untracked 
| 275|0x0000000091300000, 0x0000000091300000, 0x0000000091400000|  0%| F|  |TAMS 0x0000000091300000, 0x0000000091300000| Untracked 
| 276|0x0000000091400000, 0x0000000091400000, 0x0000000091500000|  0%| F|  |TAMS 0x0000000091400000, 0x0000000091400000| Untracked 
| 277|0x0000000091500000, 0x0000000091500000, 0x0000000091600000|  0%| F|  |TAMS 0x0000000091500000, 0x0000000091500000| Untracked 
| 278|0x0000000091600000, 0x0000000091600000, 0x0000000091700000|  0%| F|  |TAMS 0x0000000091600000, 0x0000000091600000| Untracked 
| 279|0x0000000091700000, 0x0000000091700000, 0x0000000091800000|  0%| F|  |TAMS 0x0000000091700000, 0x0000000091700000| Untracked 
| 280|0x0000000091800000, 0x0000000091800000, 0x0000000091900000|  0%| F|  |TAMS 0x0000000091800000, 0x0000000091800000| Untracked 
| 281|0x0000000091900000, 0x0000000091900000, 0x0000000091a00000|  0%| F|  |TAMS 0x0000000091900000, 0x0000000091900000| Untracked 
| 282|0x0000000091a00000, 0x0000000091a00000, 0x0000000091b00000|  0%| F|  |TAMS 0x0000000091a00000, 0x0000000091a00000| Untracked 
| 283|0x0000000091b00000, 0x0000000091b00000, 0x0000000091c00000|  0%| F|  |TAMS 0x0000000091b00000, 0x0000000091b00000| Untracked 
| 284|0x0000000091c00000, 0x0000000091c00000, 0x0000000091d00000|  0%| F|  |TAMS 0x0000000091c00000, 0x0000000091c00000| Untracked 
| 285|0x0000000091d00000, 0x0000000091d00000, 0x0000000091e00000|  0%| F|  |TAMS 0x0000000091d00000, 0x0000000091d00000| Untracked 
| 286|0x0000000091e00000, 0x0000000091e00000, 0x0000000091f00000|  0%| F|  |TAMS 0x0000000091e00000, 0x0000000091e00000| Untracked 
| 287|0x0000000091f00000, 0x0000000091f00000, 0x0000000092000000|  0%| F|  |TAMS 0x0000000091f00000, 0x0000000091f00000| Untracked 
| 288|0x0000000092000000, 0x0000000092000000, 0x0000000092100000|  0%| F|  |TAMS 0x0000000092000000, 0x0000000092000000| Untracked 
| 289|0x0000000092100000, 0x0000000092100000, 0x0000000092200000|  0%| F|  |TAMS 0x0000000092100000, 0x0000000092100000| Untracked 
| 290|0x0000000092200000, 0x0000000092200000, 0x0000000092300000|  0%| F|  |TAMS 0x0000000092200000, 0x0000000092200000| Untracked 
| 291|0x0000000092300000, 0x0000000092300000, 0x0000000092400000|  0%| F|  |TAMS 0x0000000092300000, 0x0000000092300000| Untracked 
| 292|0x0000000092400000, 0x0000000092400000, 0x0000000092500000|  0%| F|  |TAMS 0x0000000092400000, 0x0000000092400000| Untracked 
| 293|0x0000000092500000, 0x0000000092500000, 0x0000000092600000|  0%| F|  |TAMS 0x0000000092500000, 0x0000000092500000| Untracked 
| 294|0x0000000092600000, 0x0000000092600000, 0x0000000092700000|  0%| F|  |TAMS 0x0000000092600000, 0x0000000092600000| Untracked 
| 295|0x0000000092700000, 0x0000000092700000, 0x0000000092800000|  0%| F|  |TAMS 0x0000000092700000, 0x0000000092700000| Untracked 
| 296|0x0000000092800000, 0x0000000092800000, 0x0000000092900000|  0%| F|  |TAMS 0x0000000092800000, 0x0000000092800000| Untracked 
| 297|0x0000000092900000, 0x0000000092900000, 0x0000000092a00000|  0%| F|  |TAMS 0x0000000092900000, 0x0000000092900000| Untracked 
| 298|0x0000000092a00000, 0x0000000092a00000, 0x0000000092b00000|  0%| F|  |TAMS 0x0000000092a00000, 0x0000000092a00000| Untracked 
| 299|0x0000000092b00000, 0x0000000092b00000, 0x0000000092c00000|  0%| F|  |TAMS 0x0000000092b00000, 0x0000000092b00000| Untracked 
| 300|0x0000000092c00000, 0x0000000092c00000, 0x0000000092d00000|  0%| F|  |TAMS 0x0000000092c00000, 0x0000000092c00000| Untracked 
| 301|0x0000000092d00000, 0x0000000092d00000, 0x0000000092e00000|  0%| F|  |TAMS 0x0000000092d00000, 0x0000000092d00000| Untracked 
| 302|0x0000000092e00000, 0x0000000092e00000, 0x0000000092f00000|  0%| F|  |TAMS 0x0000000092e00000, 0x0000000092e00000| Untracked 
| 303|0x0000000092f00000, 0x0000000092f00000, 0x0000000093000000|  0%| F|  |TAMS 0x0000000092f00000, 0x0000000092f00000| Untracked 
| 304|0x0000000093000000, 0x0000000093000000, 0x0000000093100000|  0%| F|  |TAMS 0x0000000093000000, 0x0000000093000000| Untracked 
| 305|0x0000000093100000, 0x0000000093100000, 0x0000000093200000|  0%| F|  |TAMS 0x0000000093100000, 0x0000000093100000| Untracked 
| 306|0x0000000093200000, 0x0000000093200000, 0x0000000093300000|  0%| F|  |TAMS 0x0000000093200000, 0x0000000093200000| Untracked 
| 307|0x0000000093300000, 0x0000000093300000, 0x0000000093400000|  0%| F|  |TAMS 0x0000000093300000, 0x0000000093300000| Untracked 
| 308|0x0000000093400000, 0x0000000093400000, 0x0000000093500000|  0%| F|  |TAMS 0x0000000093400000, 0x0000000093400000| Untracked 
| 309|0x0000000093500000, 0x0000000093500000, 0x0000000093600000|  0%| F|  |TAMS 0x0000000093500000, 0x0000000093500000| Untracked 
| 310|0x0000000093600000, 0x0000000093600000, 0x0000000093700000|  0%| F|  |TAMS 0x0000000093600000, 0x0000000093600000| Untracked 
| 311|0x0000000093700000, 0x0000000093700000, 0x0000000093800000|  0%| F|  |TAMS 0x0000000093700000, 0x0000000093700000| Untracked 
| 312|0x0000000093800000, 0x0000000093800000, 0x0000000093900000|  0%| F|  |TAMS 0x0000000093800000, 0x0000000093800000| Untracked 
| 313|0x0000000093900000, 0x0000000093900000, 0x0000000093a00000|  0%| F|  |TAMS 0x0000000093900000, 0x0000000093900000| Untracked 
| 314|0x0000000093a00000, 0x0000000093a00000, 0x0000000093b00000|  0%| F|  |TAMS 0x0000000093a00000, 0x0000000093a00000| Untracked 
| 315|0x0000000093b00000, 0x0000000093b00000, 0x0000000093c00000|  0%| F|  |TAMS 0x0000000093b00000, 0x0000000093b00000| Untracked 
| 316|0x0000000093c00000, 0x0000000093c00000, 0x0000000093d00000|  0%| F|  |TAMS 0x0000000093c00000, 0x0000000093c00000| Untracked 
| 317|0x0000000093d00000, 0x0000000093d00000, 0x0000000093e00000|  0%| F|  |TAMS 0x0000000093d00000, 0x0000000093d00000| Untracked 
| 318|0x0000000093e00000, 0x0000000093e00000, 0x0000000093f00000|  0%| F|  |TAMS 0x0000000093e00000, 0x0000000093e00000| Untracked 
| 319|0x0000000093f00000, 0x0000000093f00000, 0x0000000094000000|  0%| F|  |TAMS 0x0000000093f00000, 0x0000000093f00000| Untracked 
| 320|0x0000000094000000, 0x0000000094000000, 0x0000000094100000|  0%| F|  |TAMS 0x0000000094000000, 0x0000000094000000| Untracked 
| 321|0x0000000094100000, 0x0000000094100000, 0x0000000094200000|  0%| F|  |TAMS 0x0000000094100000, 0x0000000094100000| Untracked 
| 322|0x0000000094200000, 0x0000000094200000, 0x0000000094300000|  0%| F|  |TAMS 0x0000000094200000, 0x0000000094200000| Untracked 
| 323|0x0000000094300000, 0x0000000094300000, 0x0000000094400000|  0%| F|  |TAMS 0x0000000094300000, 0x0000000094300000| Untracked 
| 324|0x0000000094400000, 0x0000000094400000, 0x0000000094500000|  0%| F|  |TAMS 0x0000000094400000, 0x0000000094400000| Untracked 
| 325|0x0000000094500000, 0x0000000094500000, 0x0000000094600000|  0%| F|  |TAMS 0x0000000094500000, 0x0000000094500000| Untracked 
| 326|0x0000000094600000, 0x0000000094600000, 0x0000000094700000|  0%| F|  |TAMS 0x0000000094600000, 0x0000000094600000| Untracked 
| 327|0x0000000094700000, 0x0000000094700000, 0x0000000094800000|  0%| F|  |TAMS 0x0000000094700000, 0x0000000094700000| Untracked 
| 328|0x0000000094800000, 0x0000000094900000, 0x0000000094900000|100%| O|  |TAMS 0x0000000094900000, 0x0000000094800000| Untracked 

Card table byte_map: [0x0000026f28050000,0x0000026f28450000] _byte_map_base: 0x0000026f27c50000

Marking Bits (Prev, Next): (CMBitMap*) 0x0000026f1517eb20, (CMBitMap*) 0x0000026f1517eae8
 Prev Bits: [0x0000026f2a850000, 0x0000026f2c850000)
 Next Bits: [0x0000026f28850000, 0x0000026f2a850000)

Polling page: 0x0000026f12f70000

Metaspace:

Usage:
  Non-class:     90.87 MB capacity,    89.25 MB ( 98%) used,     1.28 MB (  1%) free+waste,   351.81 KB ( <1%) overhead. 
      Class:     14.21 MB capacity,    13.19 MB ( 93%) used,   892.13 KB (  6%) free+waste,   154.19 KB (  1%) overhead. 
       Both:    105.08 MB capacity,   102.44 MB ( 97%) used,     2.15 MB (  2%) free+waste,   506.00 KB ( <1%) overhead. 

Virtual space:
  Non-class space:       92.00 MB reserved,      90.92 MB ( 99%) committed 
      Class space:        1.00 GB reserved,      14.25 MB (  1%) committed 
             Both:        1.09 GB reserved,     105.17 MB (  9%) committed 

Chunk freelists:
   Non-Class:  51.00 KB
       Class:  5.00 KB
        Both:  56.00 KB

MaxMetaspaceSize: 17179869184.00 GB
CompressedClassSpaceSize: 1.00 GB
Initial GC threshold: 20.80 MB
Current GC threshold: 175.28 MB
CDS: off

CodeHeap 'non-profiled nmethods': size=120064Kb used=13792Kb max_used=14301Kb free=106271Kb
 bounds [0x0000026f20710000, 0x0000026f21510000, 0x0000026f27c50000]
CodeHeap 'profiled nmethods': size=120000Kb used=34019Kb max_used=36737Kb free=85980Kb
 bounds [0x0000026f191e0000, 0x0000026f1b650000, 0x0000026f20710000]
CodeHeap 'non-nmethods': size=5696Kb used=2416Kb max_used=2494Kb free=3279Kb
 bounds [0x0000026f18c50000, 0x0000026f18ee0000, 0x0000026f191e0000]
 total_blobs=15808 nmethods=14873 adapters=845
 compilation: enabled
              stopped_count=0, restarted_count=0
 full_count=0

Compilation events (20 events):
Event: 134.783 Thread 0x0000026f2ed51000 nmethod 17984 0x0000026f20ce6f90 code [0x0000026f20ce7160, 0x0000026f20ce7448]
Event: 134.783 Thread 0x0000026f2ed51000 17983       4       com.android.tools.r8.internal.cc::a (91 bytes)
Event: 134.797 Thread 0x0000026f2ed58000 17992       3       com.android.tools.r8.internal.jj::b (205 bytes)
Event: 134.805 Thread 0x0000026f2ed58000 nmethod 17992 0x0000026f1aac2010 code [0x0000026f1aac2640, 0x0000026f1aac6098]
Event: 134.828 Thread 0x0000026f2ed58000 17993       3       com.android.tools.r8.internal.FO::iterator (12 bytes)
Event: 134.830 Thread 0x0000026f2ed58000 nmethod 17993 0x0000026f1a060d90 code [0x0000026f1a060f60, 0x0000026f1a061228]
Event: 134.830 Thread 0x0000026f2ed58000 17994       3       com.android.tools.r8.internal.EO::<init> (12 bytes)
Event: 134.831 Thread 0x0000026f2ed58000 nmethod 17994 0x0000026f192b1b10 code [0x0000026f192b1ce0, 0x0000026f192b1ec8]
Event: 134.847 Thread 0x0000026f2ed51000 nmethod 17983 0x0000026f20d66c90 code [0x0000026f20d66f60, 0x0000026f20d68830]
Event: 134.848 Thread 0x0000026f2ed51000 17998       4       com.android.tools.r8.graph.N2::f (64 bytes)
Event: 134.851 Thread 0x0000026f2ed58000 18000 %     3       com.android.tools.r8.graph.A::<init> @ 72 (114 bytes)
Event: 134.857 Thread 0x0000026f2ed58000 nmethod 18000% 0x0000026f1a3e7c90 code [0x0000026f1a3e8100, 0x0000026f1a3ea778]
Event: 134.859 Thread 0x0000026f2ed58000 18002       3       com.android.tools.r8.graph.A::<init> (114 bytes)
Event: 134.864 Thread 0x0000026f2ed58000 nmethod 18002 0x0000026f1966bd10 code [0x0000026f1966c180, 0x0000026f1966e778]
Event: 134.901 Thread 0x0000026f2ed51000 nmethod 17998 0x0000026f20d95b10 code [0x0000026f20d95d40, 0x0000026f20d96848]
Event: 134.902 Thread 0x0000026f2ed51000 18004       4       java.util.StringJoiner::add (104 bytes)
Event: 134.916 Thread 0x0000026f2ed51000 nmethod 18004 0x0000026f20ce6690 code [0x0000026f20ce6860, 0x0000026f20ce6d28]
Event: 134.916 Thread 0x0000026f2ed51000 18005       4       java.lang.String::join (59 bytes)
Event: 134.945 Thread 0x0000026f2ed51000 nmethod 18005 0x0000026f20dde110 code [0x0000026f20dde300, 0x0000026f20ddebf8]
Event: 134.945 Thread 0x0000026f2ed51000 18006       4       com.android.tools.r8.naming.C$b::a (88 bytes)

GC Heap History (20 events):
Event: 115.211 GC heap after
{Heap after GC invocations=89 (full 0):
 garbage-first heap   total 335872K, used 159560K [0x0000000080000000, 0x0000000100000000)
  region size 1024K, 5 young (5120K), 5 survivors (5120K)
 Metaspace       used 102136K, capacity 104845K, committed 104876K, reserved 1140736K
  class space    used 13239K, capacity 14319K, committed 14336K, reserved 1048576K
}
Event: 116.230 GC heap before
{Heap before GC invocations=89 (full 0):
 garbage-first heap   total 335872K, used 280392K [0x0000000080000000, 0x0000000100000000)
  region size 1024K, 123 young (125952K), 5 survivors (5120K)
 Metaspace       used 102150K, capacity 104845K, committed 104876K, reserved 1140736K
  class space    used 13240K, capacity 14319K, committed 14336K, reserved 1048576K
}
Event: 116.255 GC heap after
{Heap after GC invocations=90 (full 0):
 garbage-first heap   total 335872K, used 159335K [0x0000000080000000, 0x0000000100000000)
  region size 1024K, 5 young (5120K), 5 survivors (5120K)
 Metaspace       used 102150K, capacity 104845K, committed 104876K, reserved 1140736K
  class space    used 13240K, capacity 14319K, committed 14336K, reserved 1048576K
}
Event: 117.963 GC heap before
{Heap before GC invocations=90 (full 0):
 garbage-first heap   total 335872K, used 281191K [0x0000000080000000, 0x0000000100000000)
  region size 1024K, 124 young (126976K), 5 survivors (5120K)
 Metaspace       used 102154K, capacity 104845K, committed 104876K, reserved 1140736K
  class space    used 13240K, capacity 14319K, committed 14336K, reserved 1048576K
}
Event: 117.988 GC heap after
{Heap after GC invocations=91 (full 0):
 garbage-first heap   total 335872K, used 158482K [0x0000000080000000, 0x0000000100000000)
  region size 1024K, 4 young (4096K), 4 survivors (4096K)
 Metaspace       used 102154K, capacity 104845K, committed 104876K, reserved 1140736K
  class space    used 13240K, capacity 14319K, committed 14336K, reserved 1048576K
}
Event: 119.994 GC heap before
{Heap before GC invocations=91 (full 0):
 garbage-first heap   total 335872K, used 288530K [0x0000000080000000, 0x0000000100000000)
  region size 1024K, 131 young (134144K), 4 survivors (4096K)
 Metaspace       used 102162K, capacity 104845K, committed 104876K, reserved 1140736K
  class space    used 13241K, capacity 14319K, committed 14336K, reserved 1048576K
}
Event: 120.020 GC heap after
{Heap after GC invocations=92 (full 0):
 garbage-first heap   total 335872K, used 158895K [0x0000000080000000, 0x0000000100000000)
  region size 1024K, 5 young (5120K), 5 survivors (5120K)
 Metaspace       used 102162K, capacity 104845K, committed 104876K, reserved 1140736K
  class space    used 13241K, capacity 14319K, committed 14336K, reserved 1048576K
}
Event: 122.212 GC heap before
{Heap before GC invocations=92 (full 0):
 garbage-first heap   total 335872K, used 290991K [0x0000000080000000, 0x0000000100000000)
  region size 1024K, 132 young (135168K), 5 survivors (5120K)
 Metaspace       used 102176K, capacity 104913K, committed 105132K, reserved 1140736K
  class space    used 13241K, capacity 14319K, committed 14336K, reserved 1048576K
}
Event: 122.258 GC heap after
{Heap after GC invocations=93 (full 0):
 garbage-first heap   total 335872K, used 163840K [0x0000000080000000, 0x0000000100000000)
  region size 1024K, 7 young (7168K), 7 survivors (7168K)
 Metaspace       used 102176K, capacity 104913K, committed 105132K, reserved 1140736K
  class space    used 13241K, capacity 14319K, committed 14336K, reserved 1048576K
}
Event: 123.883 GC heap before
{Heap before GC invocations=93 (full 0):
 garbage-first heap   total 335872K, used 289791K [0x0000000080000000, 0x0000000100000000)
  region size 1024K, 131 young (134144K), 7 survivors (7168K)
 Metaspace       used 102196K, capacity 104921K, committed 105132K, reserved 1140736K
  class space    used 13242K, capacity 14320K, committed 14336K, reserved 1048576K
}
Event: 123.927 GC heap after
{Heap after GC invocations=94 (full 0):
 garbage-first heap   total 335872K, used 162816K [0x0000000080000000, 0x0000000100000000)
  region size 1024K, 8 young (8192K), 8 survivors (8192K)
 Metaspace       used 102196K, capacity 104921K, committed 105132K, reserved 1140736K
  class space    used 13242K, capacity 14320K, committed 14336K, reserved 1048576K
}
Event: 125.234 GC heap before
{Heap before GC invocations=94 (full 0):
 garbage-first heap   total 335872K, used 287744K [0x0000000080000000, 0x0000000100000000)
  region size 1024K, 131 young (134144K), 8 survivors (8192K)
 Metaspace       used 102206K, capacity 104927K, committed 105132K, reserved 1140736K
  class space    used 13242K, capacity 14321K, committed 14336K, reserved 1048576K
}
Event: 125.270 GC heap after
{Heap after GC invocations=95 (full 0):
 garbage-first heap   total 335872K, used 161484K [0x0000000080000000, 0x0000000100000000)
  region size 1024K, 7 young (7168K), 7 survivors (7168K)
 Metaspace       used 102206K, capacity 104927K, committed 105132K, reserved 1140736K
  class space    used 13242K, capacity 14321K, committed 14336K, reserved 1048576K
}
Event: 126.236 GC heap before
{Heap before GC invocations=95 (full 0):
 garbage-first heap   total 335872K, used 287436K [0x0000000080000000, 0x0000000100000000)
  region size 1024K, 131 young (134144K), 7 survivors (7168K)
 Metaspace       used 102208K, capacity 104927K, committed 105132K, reserved 1140736K
  class space    used 13242K, capacity 14321K, committed 14336K, reserved 1048576K
}
Event: 126.273 GC heap after
{Heap after GC invocations=96 (full 0):
 garbage-first heap   total 335872K, used 161407K [0x0000000080000000, 0x0000000100000000)
  region size 1024K, 7 young (7168K), 7 survivors (7168K)
 Metaspace       used 102208K, capacity 104927K, committed 105132K, reserved 1140736K
  class space    used 13242K, capacity 14321K, committed 14336K, reserved 1048576K
}
Event: 129.512 GC heap before
{Heap before GC invocations=96 (full 0):
 garbage-first heap   total 335872K, used 301695K [0x0000000080000000, 0x0000000100000000)
  region size 1024K, 132 young (135168K), 7 survivors (7168K)
 Metaspace       used 104381K, capacity 107088K, committed 107180K, reserved 1142784K
  class space    used 13451K, capacity 14511K, committed 14592K, reserved 1048576K
}
Event: 129.636 GC heap after
{Heap after GC invocations=97 (full 0):
 garbage-first heap   total 336896K, used 196165K [0x0000000080000000, 0x0000000100000000)
  region size 1024K, 17 young (17408K), 17 survivors (17408K)
 Metaspace       used 104381K, capacity 107088K, committed 107180K, reserved 1142784K
  class space    used 13451K, capacity 14511K, committed 14592K, reserved 1048576K
}
Event: 132.862 GC heap before
{Heap before GC invocations=97 (full 0):
 garbage-first heap   total 336896K, used 270917K [0x0000000080000000, 0x0000000100000000)
  region size 1024K, 89 young (91136K), 17 survivors (17408K)
 Metaspace       used 104755K, capacity 107476K, committed 107692K, reserved 1142784K
  class space    used 13498K, capacity 14555K, committed 14592K, reserved 1048576K
}
Event: 133.178 GC heap after
{Heap after GC invocations=98 (full 0):
 garbage-first heap   total 336896K, used 213456K [0x0000000080000000, 0x0000000100000000)
  region size 1024K, 12 young (12288K), 12 survivors (12288K)
 Metaspace       used 104755K, capacity 107476K, committed 107692K, reserved 1142784K
  class space    used 13498K, capacity 14555K, committed 14592K, reserved 1048576K
}
Event: 134.971 GC heap before
{Heap before GC invocations=99 (full 0):
 garbage-first heap   total 336896K, used 257488K [0x0000000080000000, 0x0000000100000000)
  region size 1024K, 70 young (71680K), 12 survivors (12288K)
 Metaspace       used 104900K, capacity 107604K, committed 107692K, reserved 1142784K
  class space    used 13508K, capacity 14555K, committed 14592K, reserved 1048576K
}

Deoptimization events (20 events):
Event: 134.558 Thread 0x0000026f36ffc800 Uncommon trap: trap_request=0xffffffde fr.pc=0x0000026f20cf7c40 relative=0x0000000000000180
Event: 134.558 Thread 0x0000026f36ffc800 Uncommon trap: reason=class_check action=maybe_recompile pc=0x0000026f20cf7c40 method=com.android.tools.r8.internal.fI.a(Lcom/android/tools/r8/internal/Yb;Lcom/android/tools/r8/internal/jV;Lcom/android/tools/r8/internal/jV;)I @ 3 c2
Event: 134.558 Thread 0x0000026f36ffc800 DEOPT PACKING pc=0x0000026f20cf7c40 sp=0x000000b0163fe3c0
Event: 134.558 Thread 0x0000026f36ffc800 DEOPT UNPACKING pc=0x0000026f18c9a1af sp=0x000000b0163fe2e8 mode 2
Event: 134.558 Thread 0x0000026f36ffc800 Uncommon trap: trap_request=0xffffffde fr.pc=0x0000026f20cf7c40 relative=0x0000000000000180
Event: 134.558 Thread 0x0000026f36ffc800 Uncommon trap: reason=class_check action=maybe_recompile pc=0x0000026f20cf7c40 method=com.android.tools.r8.internal.fI.a(Lcom/android/tools/r8/internal/Yb;Lcom/android/tools/r8/internal/jV;Lcom/android/tools/r8/internal/jV;)I @ 3 c2
Event: 134.558 Thread 0x0000026f36ffc800 DEOPT PACKING pc=0x0000026f20cf7c40 sp=0x000000b0163fe3c0
Event: 134.558 Thread 0x0000026f36ffc800 DEOPT UNPACKING pc=0x0000026f18c9a1af sp=0x000000b0163fe2e8 mode 2
Event: 134.558 Thread 0x0000026f36ffc800 Uncommon trap: trap_request=0xffffffde fr.pc=0x0000026f20cf7c40 relative=0x0000000000000180
Event: 134.558 Thread 0x0000026f36ffc800 Uncommon trap: reason=class_check action=maybe_recompile pc=0x0000026f20cf7c40 method=com.android.tools.r8.internal.fI.a(Lcom/android/tools/r8/internal/Yb;Lcom/android/tools/r8/internal/jV;Lcom/android/tools/r8/internal/jV;)I @ 3 c2
Event: 134.558 Thread 0x0000026f36ffc800 DEOPT PACKING pc=0x0000026f20cf7c40 sp=0x000000b0163fe3c0
Event: 134.558 Thread 0x0000026f36ffc800 DEOPT UNPACKING pc=0x0000026f18c9a1af sp=0x000000b0163fe2e8 mode 2
Event: 134.621 Thread 0x0000026f36ffc800 DEOPT PACKING pc=0x0000026f1925d061 sp=0x000000b0163fe680
Event: 134.621 Thread 0x0000026f36ffc800 DEOPT UNPACKING pc=0x0000026f18c9a95e sp=0x000000b0163fdba8 mode 0
Event: 134.838 Thread 0x0000026f36ffc800 DEOPT PACKING pc=0x0000026f192fedab sp=0x000000b0163fe590
Event: 134.838 Thread 0x0000026f36ffc800 DEOPT UNPACKING pc=0x0000026f18c9a95e sp=0x000000b0163fda38 mode 0
Event: 134.856 Thread 0x0000026f36ffc800 DEOPT PACKING pc=0x0000026f192fedab sp=0x000000b0163fe590
Event: 134.856 Thread 0x0000026f36ffc800 DEOPT UNPACKING pc=0x0000026f18c9a95e sp=0x000000b0163fda38 mode 0
Event: 134.869 Thread 0x0000026f36ffc800 DEOPT PACKING pc=0x0000026f192fedab sp=0x000000b0163fe590
Event: 134.869 Thread 0x0000026f36ffc800 DEOPT UNPACKING pc=0x0000026f18c9a95e sp=0x000000b0163fda38 mode 0

Classes redefined (0 events):
No events

Internal exceptions (20 events):
Event: 124.342 Thread 0x0000026f30250000 Exception <a 'sun/nio/fs/WindowsException'{0x000000009174b670}> (0x000000009174b670) thrown at [./src/hotspot/share/prims/jni.cpp, line 615]
Event: 124.577 Thread 0x0000026f3024f000 Exception <a 'sun/nio/fs/WindowsException'{0x00000000904abf60}> (0x00000000904abf60) thrown at [./src/hotspot/share/prims/jni.cpp, line 615]
Event: 124.638 Thread 0x0000026f339d5800 Exception <a 'sun/nio/fs/WindowsException'{0x00000000900de498}> (0x00000000900de498) thrown at [./src/hotspot/share/prims/jni.cpp, line 615]
Event: 124.814 Thread 0x0000026f339d5800 Exception <a 'sun/nio/fs/WindowsException'{0x000000008e9042e0}> (0x000000008e9042e0) thrown at [./src/hotspot/share/prims/jni.cpp, line 615]
Event: 124.875 Thread 0x0000026f34f85000 Exception <a 'sun/nio/fs/WindowsException'{0x000000008e7d2f90}> (0x000000008e7d2f90) thrown at [./src/hotspot/share/prims/jni.cpp, line 615]
Event: 125.003 Thread 0x0000026f34f85000 Exception <a 'sun/nio/fs/WindowsException'{0x000000008db41e30}> (0x000000008db41e30) thrown at [./src/hotspot/share/prims/jni.cpp, line 615]
Event: 125.043 Thread 0x0000026f34f8b000 Exception <a 'sun/nio/fs/WindowsException'{0x000000008da752a0}> (0x000000008da752a0) thrown at [./src/hotspot/share/prims/jni.cpp, line 615]
Event: 125.796 Thread 0x0000026f339de800 Exception <a 'sun/nio/fs/WindowsException'{0x00000000913a3918}> (0x00000000913a3918) thrown at [./src/hotspot/share/prims/jni.cpp, line 615]
Event: 126.615 Thread 0x0000026f34f8b000 Exception <a 'sun/nio/fs/WindowsException'{0x0000000092641ed8}> (0x0000000092641ed8) thrown at [./src/hotspot/share/prims/jni.cpp, line 615]
Event: 126.646 Thread 0x0000026f339de800 Exception <a 'sun/nio/fs/WindowsException'{0x00000000924197a8}> (0x00000000924197a8) thrown at [./src/hotspot/share/prims/jni.cpp, line 615]
Event: 126.803 Thread 0x0000026f34f87800 Exception <a 'sun/nio/fs/WindowsException'{0x0000000091fd9f10}> (0x0000000091fd9f10) thrown at [./src/hotspot/share/prims/jni.cpp, line 615]
Event: 127.707 Thread 0x0000026f36ff5800 Exception <a 'sun/nio/fs/WindowsException'{0x00000000913c5ed0}> (0x00000000913c5ed0) thrown at [./src/hotspot/share/prims/jni.cpp, line 615]
Event: 131.735 Thread 0x0000026f339e4000 Exception <a 'sun/nio/fs/WindowsException'{0x000000009095ebb0}> (0x000000009095ebb0) thrown at [./src/hotspot/share/prims/jni.cpp, line 615]
Event: 131.735 Thread 0x0000026f339e4000 Exception <a 'sun/nio/fs/WindowsException'{0x000000009095eca0}> (0x000000009095eca0) thrown at [./src/hotspot/share/prims/jni.cpp, line 615]
Event: 132.114 Thread 0x0000026f339e4000 Exception <a 'sun/nio/fs/WindowsException'{0x00000000909be7a8}> (0x00000000909be7a8) thrown at [./src/hotspot/share/prims/jni.cpp, line 615]
Event: 132.469 Thread 0x0000026f339e4000 Exception <a 'sun/nio/fs/WindowsException'{0x0000000090217b38}> (0x0000000090217b38) thrown at [./src/hotspot/share/prims/jni.cpp, line 615]
Event: 132.470 Thread 0x0000026f339e4000 Exception <a 'sun/nio/fs/WindowsException'{0x0000000090218e78}> (0x0000000090218e78) thrown at [./src/hotspot/share/prims/jni.cpp, line 615]
Event: 132.470 Thread 0x0000026f339e4000 Exception <a 'sun/nio/fs/WindowsException'{0x0000000090219068}> (0x0000000090219068) thrown at [./src/hotspot/share/prims/jni.cpp, line 615]
Event: 133.241 Thread 0x0000026f339e3000 Exception <a 'sun/nio/fs/WindowsException'{0x0000000094604f68}> (0x0000000094604f68) thrown at [./src/hotspot/share/prims/jni.cpp, line 615]
Event: 133.242 Thread 0x0000026f339e3000 Exception <a 'sun/nio/fs/WindowsException'{0x0000000094606070}> (0x0000000094606070) thrown at [./src/hotspot/share/prims/jni.cpp, line 615]

Events (20 events):
Event: 134.831 Executing VM operation: RevokeBias done
Event: 134.831 Executing VM operation: RevokeBias
Event: 134.831 Executing VM operation: RevokeBias done
Event: 134.831 Executing VM operation: RevokeBias
Event: 134.831 Executing VM operation: RevokeBias done
Event: 134.831 Executing VM operation: RevokeBias
Event: 134.832 Executing VM operation: RevokeBias done
Event: 134.832 Executing VM operation: RevokeBias
Event: 134.832 Executing VM operation: RevokeBias done
Event: 134.832 Executing VM operation: RevokeBias
Event: 134.832 Executing VM operation: RevokeBias done
Event: 134.832 Executing VM operation: RevokeBias
Event: 134.832 Executing VM operation: RevokeBias done
Event: 134.832 Executing VM operation: RevokeBias
Event: 134.832 Executing VM operation: RevokeBias done
Event: 134.832 Executing VM operation: RevokeBias
Event: 134.832 Executing VM operation: RevokeBias done
Event: 134.833 Executing VM operation: BulkRevokeBias
Event: 134.835 Executing VM operation: BulkRevokeBias done
Event: 134.970 Executing VM operation: G1CollectForAllocation


Dynamic libraries:
0x00007ff76e780000 - 0x00007ff76e78a000 	F:\Program Files\Android\Android Studio\jre\bin\java.exe
0x00007ffc390c0000 - 0x00007ffc392c9000 	C:\WINDOWS\SYSTEM32\ntdll.dll
0x00007ffc38a30000 - 0x00007ffc38aed000 	C:\WINDOWS\System32\KERNEL32.DLL
0x00007ffc369f0000 - 0x00007ffc36d6d000 	C:\WINDOWS\System32\KERNELBASE.dll
0x00007ffc36e30000 - 0x00007ffc36f41000 	C:\WINDOWS\System32\ucrtbase.dll
0x00007ffc1cd00000 - 0x00007ffc1cd17000 	F:\Program Files\Android\Android Studio\jre\bin\VCRUNTIME140.dll
0x00007ffc22ce0000 - 0x00007ffc22cf9000 	F:\Program Files\Android\Android Studio\jre\bin\jli.dll
0x00007ffc37ed0000 - 0x00007ffc3807d000 	C:\WINDOWS\System32\USER32.dll
0x00007ffc365a0000 - 0x00007ffc365c6000 	C:\WINDOWS\System32\win32u.dll
0x00007ffc29020000 - 0x00007ffc292c5000 	C:\WINDOWS\WinSxS\amd64_microsoft.windows.common-controls_6595b64144ccf1df_6.0.22000.120_none_9d947278b86cc467\COMCTL32.dll
0x00007ffc38800000 - 0x00007ffc38829000 	C:\WINDOWS\System32\GDI32.dll
0x00007ffc38830000 - 0x00007ffc388d3000 	C:\WINDOWS\System32\msvcrt.dll
0x00007ffc36650000 - 0x00007ffc36768000 	C:\WINDOWS\System32\gdi32full.dll
0x00007ffc367e0000 - 0x00007ffc3687d000 	C:\WINDOWS\System32\msvcp_win.dll
0x00007ffc37180000 - 0x00007ffc371b1000 	C:\WINDOWS\System32\IMM32.DLL
0x00007ffc116c0000 - 0x00007ffc1175d000 	F:\Program Files\Android\Android Studio\jre\bin\msvcp140.dll
0x00007ffbf46b0000 - 0x00007ffbf5195000 	F:\Program Files\Android\Android Studio\jre\bin\server\jvm.dll
0x00007ffc37300000 - 0x00007ffc373ae000 	C:\WINDOWS\System32\ADVAPI32.dll
0x00007ffc38760000 - 0x00007ffc387fe000 	C:\WINDOWS\System32\sechost.dll
0x00007ffc371c0000 - 0x00007ffc372e0000 	C:\WINDOWS\System32\RPCRT4.dll
0x00007ffc37070000 - 0x00007ffc37078000 	C:\WINDOWS\System32\PSAPI.DLL
0x00007ffc2bb60000 - 0x00007ffc2bb69000 	C:\WINDOWS\SYSTEM32\WSOCK32.dll
0x00007ffc282b0000 - 0x00007ffc282e3000 	C:\WINDOWS\SYSTEM32\WINMM.dll
0x00007ffc389c0000 - 0x00007ffc38a2f000 	C:\WINDOWS\System32\WS2_32.dll
0x00007ffc24e10000 - 0x00007ffc24e1a000 	C:\WINDOWS\SYSTEM32\VERSION.dll
0x00007ffc356a0000 - 0x00007ffc356b8000 	C:\WINDOWS\SYSTEM32\kernel.appcore.dll
0x00007ffc1fc10000 - 0x00007ffc1fc21000 	F:\Program Files\Android\Android Studio\jre\bin\verify.dll
0x00007ffc20b60000 - 0x00007ffc20d81000 	C:\WINDOWS\SYSTEM32\DBGHELP.DLL
0x00007ffc20af0000 - 0x00007ffc20b21000 	C:\WINDOWS\SYSTEM32\dbgcore.DLL
0x00007ffc365d0000 - 0x00007ffc3664f000 	C:\WINDOWS\System32\bcryptPrimitives.dll
0x00007ffc1aad0000 - 0x00007ffc1aaf9000 	F:\Program Files\Android\Android Studio\jre\bin\java.dll
0x00007ffc28dc0000 - 0x00007ffc28dcb000 	F:\Program Files\Android\Android Studio\jre\bin\jimage.dll
0x00007ffc1b160000 - 0x00007ffc1b178000 	F:\Program Files\Android\Android Studio\jre\bin\zip.dll
0x00007ffc373b0000 - 0x00007ffc37b68000 	C:\WINDOWS\System32\SHELL32.dll
0x00007ffc34710000 - 0x00007ffc34f78000 	C:\WINDOWS\SYSTEM32\windows.storage.dll
0x00007ffc38ca0000 - 0x00007ffc39019000 	C:\WINDOWS\System32\combase.dll
0x00007ffc345a0000 - 0x00007ffc34706000 	C:\WINDOWS\SYSTEM32\wintypes.dll
0x00007ffc38110000 - 0x00007ffc381fa000 	C:\WINDOWS\System32\SHCORE.dll
0x00007ffc39020000 - 0x00007ffc3907d000 	C:\WINDOWS\System32\shlwapi.dll
0x00007ffc364d0000 - 0x00007ffc364f1000 	C:\WINDOWS\SYSTEM32\profapi.dll
0x00007ffc19200000 - 0x00007ffc1921a000 	F:\Program Files\Android\Android Studio\jre\bin\net.dll
0x00007ffc2e1a0000 - 0x00007ffc2e2ac000 	C:\WINDOWS\SYSTEM32\WINHTTP.dll
0x00007ffc35ad0000 - 0x00007ffc35b37000 	C:\WINDOWS\system32\mswsock.dll
0x00007ffc16d10000 - 0x00007ffc16d24000 	F:\Program Files\Android\Android Studio\jre\bin\nio.dll
0x00007ffc20a00000 - 0x00007ffc20a27000 	C:\Users\Praveen\.gradle\native\e1d6ef7f7dcc3fd88c89a11ec53ec762bb8ba0a96d01ffa2cd45eb1d1d8dd5c5\windows-amd64\native-platform.dll
0x00007ffc12700000 - 0x00007ffc12844000 	C:\Users\Praveen\.gradle\native\5664cfc778a61ccfe75a443a1ab52a65af34e5dc3c78e0209fed803814484fcb\windows-amd64\native-platform-file-events.dll
0x00007ffc28380000 - 0x00007ffc2838a000 	F:\Program Files\Android\Android Studio\jre\bin\management.dll
0x00007ffc28330000 - 0x00007ffc2833d000 	F:\Program Files\Android\Android Studio\jre\bin\management_ext.dll
0x00007ffc35d10000 - 0x00007ffc35d28000 	C:\WINDOWS\SYSTEM32\CRYPTSP.dll
0x00007ffc35600000 - 0x00007ffc35635000 	C:\WINDOWS\system32\rsaenh.dll
0x00007ffc35bc0000 - 0x00007ffc35be9000 	C:\WINDOWS\SYSTEM32\USERENV.dll
0x00007ffc35e90000 - 0x00007ffc35eb7000 	C:\WINDOWS\SYSTEM32\bcrypt.dll
0x00007ffc35d30000 - 0x00007ffc35d3c000 	C:\WINDOWS\SYSTEM32\CRYPTBASE.dll
0x00007ffc351d0000 - 0x00007ffc351fd000 	C:\WINDOWS\SYSTEM32\IPHLPAPI.DLL
0x00007ffc38af0000 - 0x00007ffc38af9000 	C:\WINDOWS\System32\NSI.dll
0x00007ffc2f5b0000 - 0x00007ffc2f5c9000 	C:\WINDOWS\SYSTEM32\dhcpcsvc6.DLL
0x00007ffc2f630000 - 0x00007ffc2f64e000 	C:\WINDOWS\SYSTEM32\dhcpcsvc.DLL
0x00007ffc35200000 - 0x00007ffc352e8000 	C:\WINDOWS\SYSTEM32\DNSAPI.dll
0x00007ffbfb240000 - 0x00007ffbfb267000 	F:\Program Files\Android\Android Studio\jre\bin\sunec.dll
0x00007ffc2cca0000 - 0x00007ffc2ccaa000 	C:\Windows\System32\rasadhlp.dll
0x00007ffc2d250000 - 0x00007ffc2d2d1000 	C:\WINDOWS\System32\fwpuclnt.dll

dbghelp: loaded successfully - version: 4.0.5 - missing functions: none
symbol engine: initialized successfully - sym options: 0x614 - pdb path: .;F:\Program Files\Android\Android Studio\jre\bin;C:\WINDOWS\SYSTEM32;C:\WINDOWS\WinSxS\amd64_microsoft.windows.common-controls_6595b64144ccf1df_6.0.22000.120_none_9d947278b86cc467;F:\Program Files\Android\Android Studio\jre\bin\server;C:\Users\Praveen\.gradle\native\e1d6ef7f7dcc3fd88c89a11ec53ec762bb8ba0a96d01ffa2cd45eb1d1d8dd5c5\windows-amd64;C:\Users\Praveen\.gradle\native\5664cfc778a61ccfe75a443a1ab52a65af34e5dc3c78e0209fed803814484fcb\windows-amd64

VM Arguments:
jvm_args: --add-opens=java.base/java.util=ALL-UNNAMED --add-opens=java.base/java.lang=ALL-UNNAMED --add-opens=java.base/java.lang.invoke=ALL-UNNAMED --add-opens=java.base/java.util=ALL-UNNAMED --add-opens=java.prefs/java.util.prefs=ALL-UNNAMED --add-opens=java.prefs/java.util.prefs=ALL-UNNAMED --add-opens=java.base/java.nio.charset=ALL-UNNAMED --add-opens=java.base/java.net=ALL-UNNAMED --add-opens=java.base/java.util.concurrent.atomic=ALL-UNNAMED -Xmx2048m -Dfile.encoding=UTF-8 -Duser.country=GB -Duser.language=en -Duser.variant 
java_command: org.gradle.launcher.daemon.bootstrap.GradleDaemon 7.3.3
java_class_path (initial): C:\Users\Praveen\.gradle\wrapper\dists\gradle-7.3.3-bin\6a41zxkdtcxs8rphpq6y0069z\gradle-7.3.3\lib\gradle-launcher-7.3.3.jar
Launcher Type: SUN_STANDARD

[Global flags]
     intx CICompilerCount                          = 3                                         {product} {ergonomic}
     uint ConcGCThreads                            = 1                                         {product} {ergonomic}
     uint G1ConcRefinementThreads                  = 4                                         {product} {ergonomic}
   size_t G1HeapRegionSize                         = 1048576                                   {product} {ergonomic}
    uintx GCDrainStackTargetSize                   = 64                                        {product} {ergonomic}
   size_t InitialHeapSize                          = 100663296                                 {product} {ergonomic}
   size_t MarkStackSize                            = 4194304                                   {product} {ergonomic}
   size_t MaxHeapSize                              = 2147483648                                {product} {command line}
   size_t MaxNewSize                               = 1287651328                                {product} {ergonomic}
   size_t MinHeapDeltaBytes                        = 1048576                                   {product} {ergonomic}
    uintx NonNMethodCodeHeapSize                   = 5830732                                {pd product} {ergonomic}
    uintx NonProfiledCodeHeapSize                  = 122913754                              {pd product} {ergonomic}
    uintx ProfiledCodeHeapSize                     = 122913754                              {pd product} {ergonomic}
    uintx ReservedCodeCacheSize                    = 251658240                              {pd product} {ergonomic}
     bool SegmentedCodeCache                       = true                                      {product} {ergonomic}
     bool UseCompressedClassPointers               = true                                 {lp64_product} {ergonomic}
     bool UseCompressedOops                        = true                                 {lp64_product} {ergonomic}
     bool UseG1GC                                  = true                                      {product} {ergonomic}
     bool UseLargePagesIndividualAllocation        = false                                  {pd product} {ergonomic}

Logging:
Log output configuration:
 #0: stdout all=warning uptime,level,tags
 #1: stderr all=off uptime,level,tags

Environment Variables:
PATH=C:\Program Files (x86)\VMware\VMware Player\bin\;C:\Program Files\Common Files\Oracle\Java\javapath;C:\WINDOWS\system32;C:\WINDOWS;C:\WINDOWS\System32\Wbem;C:\WINDOWS\System32\WindowsPowerShell\v1.0\;C:\WINDOWS\System32\OpenSSH\;C:\Program Files\Crucial\Crucial Storage Executive;C:\Users\Praveen\AppData\Local\Microsoft\WindowsApps;;C:\Users\Praveen\AppData\Local\Programs\Microsoft VS Code\bin
USERNAME=Praveen
OS=Windows_NT
PROCESSOR_IDENTIFIER=Intel64 Family 6 Model 42 Stepping 7, GenuineIntel



---------------  S Y S T E M  ---------------

OS: Windows 10 , 64 bit Build 22000 (10.0.22000.708)
OS uptime: 0 days 23:00 hours

CPU:total 4 (initial active 4) (2 cores per cpu, 2 threads per core) family 6 model 42 stepping 7 microcode 0x2f, cmov, cx8, fxsr, mmx, sse, sse2, sse3, ssse3, sse4.1, sse4.2, popcnt, avx, aes, clmul, ht, tsc, tscinvbit

Memory: 4k page, system-wide physical 6091M (249M free)
TotalPageFile size 6091M (AvailPageFile size 54M)
current process WorkingSet (physical memory assigned to process): 571M, peak: 650M
current process commit charge ("private bytes"): 706M, peak: 908M

vm_info: OpenJDK 64-Bit Server VM (11.0.12+7-b1504.28-7817840) for windows-amd64 JRE (11.0.12+7-b1504.28-7817840), built on Oct 13 2021 22:12:33 by "builder" with MS VC++ 14.0 (VS2015)

END.
